[2022-11-15 20:02:31,131] [14656] [INFO] - main.gateway_query (main.py:65) - {'offset': 0, 'limit': 10}
[2022-11-15 20:02:31,135] [14656] [INFO] - main.gateway_query (main.py:65) - {'offset': 0, 'limit': 10}
[2022-11-15 20:02:31,449] [14656] [DEBUG] - db_session.select (db_session.py:107) - select id,service_name,host,date_format(create_time,'%Y-%m-%d %T') as create_time,date_format(update_time,'%Y-%m-%d %T') as update_time from gateway_mapping where  1 = 1 and  delete_time is null limit 0,10
[2022-11-15 20:02:31,451] [14656] [DEBUG] - db_session.select (db_session.py:107) - select id,service_name,host,date_format(create_time,'%Y-%m-%d %T') as create_time,date_format(update_time,'%Y-%m-%d %T') as update_time from gateway_mapping where  1 = 1 and  delete_time is null limit 0,10
[2022-11-15 20:02:34,937] [14656] [INFO] - main.gateway_delete (main.py:99) - {'id': 14}
[2022-11-15 20:02:34,952] [14656] [DEBUG] - db_session.delete (db_session.py:126) - update gateway_mapping set delete_time = '2022-11-15 20:02:34.952776' where id = 14
[2022-11-15 20:02:39,955] [14656] [INFO] - main.gateway_update (main.py:88) - {'service_name': 'test25', 'id': 15, 'updated_at': '2022-11-14 15:11:53'}
[2022-11-15 20:02:39,960] [14656] [DEBUG] - db_session.update (db_session.py:71) - update gateway_mapping set service_name='test25' where id=15
[2022-11-15 20:02:42,399] [14656] [INFO] - main.gateway_query (main.py:65) - {'offset': 0, 'limit': 10}
[2022-11-15 20:02:42,401] [14656] [INFO] - main.gateway_query (main.py:65) - {'offset': 0, 'limit': 10}
[2022-11-15 20:02:42,404] [14656] [DEBUG] - db_session.select (db_session.py:107) - select id,service_name,host,date_format(create_time,'%Y-%m-%d %T') as create_time,date_format(update_time,'%Y-%m-%d %T') as update_time from gateway_mapping where  1 = 1 and  delete_time is null limit 0,10
[2022-11-15 20:02:42,407] [14656] [DEBUG] - db_session.select (db_session.py:107) - select id,service_name,host,date_format(create_time,'%Y-%m-%d %T') as create_time,date_format(update_time,'%Y-%m-%d %T') as update_time from gateway_mapping where  1 = 1 and  delete_time is null limit 0,10
[2022-11-15 20:03:35,269] [14656] [INFO] - main.gateway_query (main.py:65) - {'offset': 0, 'limit': 10}
[2022-11-15 20:03:35,271] [14656] [INFO] - main.gateway_query (main.py:65) - {'offset': 0, 'limit': 10}
[2022-11-15 20:03:35,275] [14656] [DEBUG] - db_session.select (db_session.py:107) - select id,service_name,host,date_format(create_time,'%Y-%m-%d %T') as create_time,date_format(update_time,'%Y-%m-%d %T') as update_time from gateway_mapping where  1 = 1 and  delete_time is null limit 0,10
[2022-11-15 20:03:35,282] [14656] [DEBUG] - db_session.select (db_session.py:107) - select id,service_name,host,date_format(create_time,'%Y-%m-%d %T') as create_time,date_format(update_time,'%Y-%m-%d %T') as update_time from gateway_mapping where  1 = 1 and  delete_time is null limit 0,10
[2022-11-15 20:03:35,904] [14656] [INFO] - main.gateway_query (main.py:65) - {'offset': 0, 'limit': 10}
[2022-11-15 20:03:35,906] [14656] [INFO] - main.gateway_query (main.py:65) - {'offset': 0, 'limit': 10}
[2022-11-15 20:03:36,012] [14656] [DEBUG] - db_session.select (db_session.py:107) - select id,service_name,host,date_format(create_time,'%Y-%m-%d %T') as create_time,date_format(update_time,'%Y-%m-%d %T') as update_time from gateway_mapping where  1 = 1 and  delete_time is null limit 0,10
[2022-11-15 20:03:36,035] [14656] [DEBUG] - db_session.select (db_session.py:107) - select id,service_name,host,date_format(create_time,'%Y-%m-%d %T') as create_time,date_format(update_time,'%Y-%m-%d %T') as update_time from gateway_mapping where  1 = 1 and  delete_time is null limit 0,10
[2022-11-15 20:03:37,358] [14656] [INFO] - main.gateway_query (main.py:65) - {'offset': 0, 'limit': 10}
[2022-11-15 20:03:37,361] [14656] [INFO] - main.gateway_query (main.py:65) - {'offset': 0, 'limit': 10}
[2022-11-15 20:03:37,364] [14656] [DEBUG] - db_session.select (db_session.py:107) - select id,service_name,host,date_format(create_time,'%Y-%m-%d %T') as create_time,date_format(update_time,'%Y-%m-%d %T') as update_time from gateway_mapping where  1 = 1 and  delete_time is null limit 0,10
[2022-11-15 20:03:37,374] [14656] [DEBUG] - db_session.select (db_session.py:107) - select id,service_name,host,date_format(create_time,'%Y-%m-%d %T') as create_time,date_format(update_time,'%Y-%m-%d %T') as update_time from gateway_mapping where  1 = 1 and  delete_time is null limit 0,10
[2022-11-15 20:03:38,122] [14656] [INFO] - main.gateway_query (main.py:65) - {'offset': 0, 'limit': 10}
[2022-11-15 20:03:38,125] [14656] [INFO] - main.gateway_query (main.py:65) - {'offset': 0, 'limit': 10}
[2022-11-15 20:03:38,129] [14656] [DEBUG] - db_session.select (db_session.py:107) - select id,service_name,host,date_format(create_time,'%Y-%m-%d %T') as create_time,date_format(update_time,'%Y-%m-%d %T') as update_time from gateway_mapping where  1 = 1 and  delete_time is null limit 0,10
[2022-11-15 20:03:38,145] [14656] [DEBUG] - db_session.select (db_session.py:107) - select id,service_name,host,date_format(create_time,'%Y-%m-%d %T') as create_time,date_format(update_time,'%Y-%m-%d %T') as update_time from gateway_mapping where  1 = 1 and  delete_time is null limit 0,10
[2022-11-15 20:03:38,756] [14656] [INFO] - main.gateway_query (main.py:65) - {'offset': 0, 'limit': 10}
[2022-11-15 20:03:38,762] [14656] [INFO] - main.gateway_query (main.py:65) - {'offset': 0, 'limit': 10}
[2022-11-15 20:03:38,781] [14656] [DEBUG] - db_session.select (db_session.py:107) - select id,service_name,host,date_format(create_time,'%Y-%m-%d %T') as create_time,date_format(update_time,'%Y-%m-%d %T') as update_time from gateway_mapping where  1 = 1 and  delete_time is null limit 0,10
[2022-11-15 20:03:38,794] [14656] [DEBUG] - db_session.select (db_session.py:107) - select id,service_name,host,date_format(create_time,'%Y-%m-%d %T') as create_time,date_format(update_time,'%Y-%m-%d %T') as update_time from gateway_mapping where  1 = 1 and  delete_time is null limit 0,10
[2022-11-15 20:03:39,389] [14656] [INFO] - main.gateway_query (main.py:65) - {'offset': 0, 'limit': 10}
[2022-11-15 20:03:39,391] [14656] [INFO] - main.gateway_query (main.py:65) - {'offset': 0, 'limit': 10}
[2022-11-15 20:03:39,396] [14656] [DEBUG] - db_session.select (db_session.py:107) - select id,service_name,host,date_format(create_time,'%Y-%m-%d %T') as create_time,date_format(update_time,'%Y-%m-%d %T') as update_time from gateway_mapping where  1 = 1 and  delete_time is null limit 0,10
[2022-11-15 20:03:39,399] [14656] [DEBUG] - db_session.select (db_session.py:107) - select id,service_name,host,date_format(create_time,'%Y-%m-%d %T') as create_time,date_format(update_time,'%Y-%m-%d %T') as update_time from gateway_mapping where  1 = 1 and  delete_time is null limit 0,10
[2022-11-15 20:05:00,753] [14656] [INFO] - main.gateway_query (main.py:65) - {'offset': 0, 'limit': 10}
[2022-11-15 20:05:00,755] [14656] [INFO] - main.gateway_query (main.py:65) - {'offset': 0, 'limit': 10}
[2022-11-15 20:05:00,811] [14656] [DEBUG] - db_session.select (db_session.py:107) - select id,service_name,host,date_format(create_time,'%Y-%m-%d %T') as create_time,date_format(update_time,'%Y-%m-%d %T') as update_time from gateway_mapping where  1 = 1 and  delete_time is null limit 0,10
[2022-11-15 20:05:00,824] [14656] [DEBUG] - db_session.select (db_session.py:107) - select id,service_name,host,date_format(create_time,'%Y-%m-%d %T') as create_time,date_format(update_time,'%Y-%m-%d %T') as update_time from gateway_mapping where  1 = 1 and  delete_time is null limit 0,10
[2022-11-15 20:05:01,680] [14656] [INFO] - main.gateway_query (main.py:65) - {'offset': 0, 'limit': 10}
[2022-11-15 20:05:01,682] [14656] [INFO] - main.gateway_query (main.py:65) - {'offset': 0, 'limit': 10}
[2022-11-15 20:05:01,696] [14656] [DEBUG] - db_session.select (db_session.py:107) - select id,service_name,host,date_format(create_time,'%Y-%m-%d %T') as create_time,date_format(update_time,'%Y-%m-%d %T') as update_time from gateway_mapping where  1 = 1 and  delete_time is null limit 0,10
[2022-11-15 20:05:01,699] [14656] [DEBUG] - db_session.select (db_session.py:107) - select id,service_name,host,date_format(create_time,'%Y-%m-%d %T') as create_time,date_format(update_time,'%Y-%m-%d %T') as update_time from gateway_mapping where  1 = 1 and  delete_time is null limit 0,10
[2022-11-15 20:05:02,713] [14656] [INFO] - main.gateway_query (main.py:65) - {'offset': 0, 'limit': 10}
[2022-11-15 20:05:02,717] [14656] [INFO] - main.gateway_query (main.py:65) - {'offset': 0, 'limit': 10}
[2022-11-15 20:05:02,747] [14656] [DEBUG] - db_session.select (db_session.py:107) - select id,service_name,host,date_format(create_time,'%Y-%m-%d %T') as create_time,date_format(update_time,'%Y-%m-%d %T') as update_time from gateway_mapping where  1 = 1 and  delete_time is null limit 0,10
[2022-11-15 20:05:02,761] [14656] [DEBUG] - db_session.select (db_session.py:107) - select id,service_name,host,date_format(create_time,'%Y-%m-%d %T') as create_time,date_format(update_time,'%Y-%m-%d %T') as update_time from gateway_mapping where  1 = 1 and  delete_time is null limit 0,10
[2022-11-15 20:05:03,746] [14656] [INFO] - main.gateway_query (main.py:65) - {'offset': 0, 'limit': 10}
[2022-11-15 20:05:03,748] [14656] [INFO] - main.gateway_query (main.py:65) - {'offset': 0, 'limit': 10}
[2022-11-15 20:05:03,756] [14656] [DEBUG] - db_session.select (db_session.py:107) - select id,service_name,host,date_format(create_time,'%Y-%m-%d %T') as create_time,date_format(update_time,'%Y-%m-%d %T') as update_time from gateway_mapping where  1 = 1 and  delete_time is null limit 0,10
[2022-11-15 20:05:03,764] [14656] [DEBUG] - db_session.select (db_session.py:107) - select id,service_name,host,date_format(create_time,'%Y-%m-%d %T') as create_time,date_format(update_time,'%Y-%m-%d %T') as update_time from gateway_mapping where  1 = 1 and  delete_time is null limit 0,10
[2022-11-15 20:05:05,014] [14656] [INFO] - main.gateway_query (main.py:65) - {'offset': 0, 'limit': 10}
[2022-11-15 20:05:05,016] [14656] [INFO] - main.gateway_query (main.py:65) - {'offset': 0, 'limit': 10}
[2022-11-15 20:05:05,032] [14656] [DEBUG] - db_session.select (db_session.py:107) - select id,service_name,host,date_format(create_time,'%Y-%m-%d %T') as create_time,date_format(update_time,'%Y-%m-%d %T') as update_time from gateway_mapping where  1 = 1 and  delete_time is null limit 0,10
[2022-11-15 20:05:05,035] [14656] [DEBUG] - db_session.select (db_session.py:107) - select id,service_name,host,date_format(create_time,'%Y-%m-%d %T') as create_time,date_format(update_time,'%Y-%m-%d %T') as update_time from gateway_mapping where  1 = 1 and  delete_time is null limit 0,10
[2022-11-15 20:05:07,115] [14656] [INFO] - main.gateway_query (main.py:65) - {'offset': 0, 'limit': 10}
[2022-11-15 20:05:07,117] [14656] [INFO] - main.gateway_query (main.py:65) - {'offset': 0, 'limit': 10}
[2022-11-15 20:05:07,124] [14656] [DEBUG] - db_session.select (db_session.py:107) - select id,service_name,host,date_format(create_time,'%Y-%m-%d %T') as create_time,date_format(update_time,'%Y-%m-%d %T') as update_time from gateway_mapping where  1 = 1 and  delete_time is null limit 0,10
[2022-11-15 20:05:07,125] [14656] [DEBUG] - db_session.select (db_session.py:107) - select id,service_name,host,date_format(create_time,'%Y-%m-%d %T') as create_time,date_format(update_time,'%Y-%m-%d %T') as update_time from gateway_mapping where  1 = 1 and  delete_time is null limit 0,10
[2022-11-15 20:05:12,359] [14656] [INFO] - main.gateway_query (main.py:65) - {'offset': 0, 'limit': 10}
[2022-11-15 20:05:12,361] [14656] [INFO] - main.gateway_query (main.py:65) - {'offset': 0, 'limit': 10}
[2022-11-15 20:05:12,379] [14656] [DEBUG] - db_session.select (db_session.py:107) - select id,service_name,host,date_format(create_time,'%Y-%m-%d %T') as create_time,date_format(update_time,'%Y-%m-%d %T') as update_time from gateway_mapping where  1 = 1 and  delete_time is null limit 0,10
[2022-11-15 20:05:12,382] [14656] [DEBUG] - db_session.select (db_session.py:107) - select id,service_name,host,date_format(create_time,'%Y-%m-%d %T') as create_time,date_format(update_time,'%Y-%m-%d %T') as update_time from gateway_mapping where  1 = 1 and  delete_time is null limit 0,10
[2022-11-15 20:05:13,812] [14656] [INFO] - main.gateway_query (main.py:65) - {'offset': 0, 'limit': 10}
[2022-11-15 20:05:13,814] [14656] [INFO] - main.gateway_query (main.py:65) - {'offset': 0, 'limit': 10}
[2022-11-15 20:05:13,818] [14656] [DEBUG] - db_session.select (db_session.py:107) - select id,service_name,host,date_format(create_time,'%Y-%m-%d %T') as create_time,date_format(update_time,'%Y-%m-%d %T') as update_time from gateway_mapping where  1 = 1 and  delete_time is null limit 0,10
[2022-11-15 20:05:13,820] [14656] [DEBUG] - db_session.select (db_session.py:107) - select id,service_name,host,date_format(create_time,'%Y-%m-%d %T') as create_time,date_format(update_time,'%Y-%m-%d %T') as update_time from gateway_mapping where  1 = 1 and  delete_time is null limit 0,10
[2022-11-15 20:05:17,136] [14656] [INFO] - main.gateway_query (main.py:65) - {'offset': 0, 'limit': 10}
[2022-11-15 20:05:17,138] [14656] [INFO] - main.gateway_query (main.py:65) - {'offset': 0, 'limit': 10}
[2022-11-15 20:05:17,143] [14656] [DEBUG] - db_session.select (db_session.py:107) - select id,service_name,host,date_format(create_time,'%Y-%m-%d %T') as create_time,date_format(update_time,'%Y-%m-%d %T') as update_time from gateway_mapping where  1 = 1 and  delete_time is null limit 0,10
[2022-11-15 20:05:17,144] [14656] [DEBUG] - db_session.select (db_session.py:107) - select id,service_name,host,date_format(create_time,'%Y-%m-%d %T') as create_time,date_format(update_time,'%Y-%m-%d %T') as update_time from gateway_mapping where  1 = 1 and  delete_time is null limit 0,10
[2022-11-15 20:05:19,263] [14656] [INFO] - main.gateway_query (main.py:65) - {'offset': 0, 'limit': 10}
[2022-11-15 20:05:19,265] [14656] [INFO] - main.gateway_query (main.py:65) - {'offset': 0, 'limit': 10}
[2022-11-15 20:05:19,270] [14656] [DEBUG] - db_session.select (db_session.py:107) - select id,service_name,host,date_format(create_time,'%Y-%m-%d %T') as create_time,date_format(update_time,'%Y-%m-%d %T') as update_time from gateway_mapping where  1 = 1 and  delete_time is null limit 0,10
[2022-11-15 20:05:19,272] [14656] [DEBUG] - db_session.select (db_session.py:107) - select id,service_name,host,date_format(create_time,'%Y-%m-%d %T') as create_time,date_format(update_time,'%Y-%m-%d %T') as update_time from gateway_mapping where  1 = 1 and  delete_time is null limit 0,10
[2022-11-15 20:05:21,171] [14656] [INFO] - main.gateway_query (main.py:65) - {'offset': 0, 'limit': 10}
[2022-11-15 20:05:21,173] [14656] [INFO] - main.gateway_query (main.py:65) - {'offset': 0, 'limit': 10}
[2022-11-15 20:05:21,176] [14656] [DEBUG] - db_session.select (db_session.py:107) - select id,service_name,host,date_format(create_time,'%Y-%m-%d %T') as create_time,date_format(update_time,'%Y-%m-%d %T') as update_time from gateway_mapping where  1 = 1 and  delete_time is null limit 0,10
[2022-11-15 20:05:21,276] [14656] [DEBUG] - db_session.select (db_session.py:107) - select id,service_name,host,date_format(create_time,'%Y-%m-%d %T') as create_time,date_format(update_time,'%Y-%m-%d %T') as update_time from gateway_mapping where  1 = 1 and  delete_time is null limit 0,10
[2022-11-15 20:09:01,669] [14656] [INFO] - main.gateway_query (main.py:65) - {'offset': 0, 'limit': 10}
[2022-11-15 20:09:01,672] [14656] [INFO] - main.gateway_query (main.py:65) - {'offset': 0, 'limit': 10}
[2022-11-15 20:09:01,715] [14656] [DEBUG] - db_session.select (db_session.py:107) - select id,service_name,host,date_format(create_time,'%Y-%m-%d %T') as create_time,date_format(update_time,'%Y-%m-%d %T') as update_time from gateway_mapping where  1 = 1 and  delete_time is null limit 0,10
[2022-11-15 20:09:01,728] [14656] [DEBUG] - db_session.select (db_session.py:107) - select id,service_name,host,date_format(create_time,'%Y-%m-%d %T') as create_time,date_format(update_time,'%Y-%m-%d %T') as update_time from gateway_mapping where  1 = 1 and  delete_time is null limit 0,10
[2022-11-15 20:12:02,638] [14656] [INFO] - main.gateway_query (main.py:65) - {'offset': 0, 'limit': 10}
[2022-11-15 20:12:02,642] [14656] [INFO] - main.gateway_query (main.py:65) - {'offset': 0, 'limit': 10}
[2022-11-15 20:12:02,755] [14656] [DEBUG] - db_session.select (db_session.py:107) - select id,service_name,host,date_format(create_time,'%Y-%m-%d %T') as create_time,date_format(update_time,'%Y-%m-%d %T') as update_time from gateway_mapping where  1 = 1 and  delete_time is null limit 0,10
[2022-11-15 20:12:02,761] [14656] [DEBUG] - db_session.select (db_session.py:107) - select id,service_name,host,date_format(create_time,'%Y-%m-%d %T') as create_time,date_format(update_time,'%Y-%m-%d %T') as update_time from gateway_mapping where  1 = 1 and  delete_time is null limit 0,10
[2022-11-15 20:12:53,483] [14656] [INFO] - main.gateway_query (main.py:65) - {'offset': 0, 'limit': 10}
[2022-11-15 20:12:53,489] [14656] [DEBUG] - db_session.select (db_session.py:107) - select id,service_name,host,date_format(create_time,'%Y-%m-%d %T') as create_time,date_format(update_time,'%Y-%m-%d %T') as update_time from gateway_mapping where  1 = 1 and  delete_time is null limit 0,10
[2022-11-15 20:12:53,491] [14656] [INFO] - main.gateway_query (main.py:65) - {'offset': 0, 'limit': 10}
[2022-11-15 20:12:53,498] [14656] [DEBUG] - db_session.select (db_session.py:107) - select id,service_name,host,date_format(create_time,'%Y-%m-%d %T') as create_time,date_format(update_time,'%Y-%m-%d %T') as update_time from gateway_mapping where  1 = 1 and  delete_time is null limit 0,10
[2022-11-15 20:12:56,900] [14656] [INFO] - main.gateway_query (main.py:65) - {'offset': 0, 'limit': 10}
[2022-11-15 20:12:56,903] [14656] [INFO] - main.gateway_query (main.py:65) - {'offset': 0, 'limit': 10}
[2022-11-15 20:12:56,954] [14656] [DEBUG] - db_session.select (db_session.py:107) - select id,service_name,host,date_format(create_time,'%Y-%m-%d %T') as create_time,date_format(update_time,'%Y-%m-%d %T') as update_time from gateway_mapping where  1 = 1 and  delete_time is null limit 0,10
[2022-11-15 20:12:56,966] [14656] [DEBUG] - db_session.select (db_session.py:107) - select id,service_name,host,date_format(create_time,'%Y-%m-%d %T') as create_time,date_format(update_time,'%Y-%m-%d %T') as update_time from gateway_mapping where  1 = 1 and  delete_time is null limit 0,10
[2022-11-15 20:13:00,214] [14656] [INFO] - main.gateway_query (main.py:65) - {'offset': 0, 'limit': 10}
[2022-11-15 20:13:00,216] [14656] [INFO] - main.gateway_query (main.py:65) - {'offset': 0, 'limit': 10}
[2022-11-15 20:13:00,220] [14656] [DEBUG] - db_session.select (db_session.py:107) - select id,service_name,host,date_format(create_time,'%Y-%m-%d %T') as create_time,date_format(update_time,'%Y-%m-%d %T') as update_time from gateway_mapping where  1 = 1 and  delete_time is null limit 0,10
[2022-11-15 20:13:00,241] [14656] [DEBUG] - db_session.select (db_session.py:107) - select id,service_name,host,date_format(create_time,'%Y-%m-%d %T') as create_time,date_format(update_time,'%Y-%m-%d %T') as update_time from gateway_mapping where  1 = 1 and  delete_time is null limit 0,10
[2022-11-15 20:13:11,083] [14656] [INFO] - main.gateway_query (main.py:65) - {'offset': 0, 'limit': 10}
[2022-11-15 20:13:11,086] [14656] [INFO] - main.gateway_query (main.py:65) - {'offset': 0, 'limit': 10}
[2022-11-15 20:13:11,090] [14656] [DEBUG] - db_session.select (db_session.py:107) - select id,service_name,host,date_format(create_time,'%Y-%m-%d %T') as create_time,date_format(update_time,'%Y-%m-%d %T') as update_time from gateway_mapping where  1 = 1 and  delete_time is null limit 0,10
[2022-11-15 20:13:11,093] [14656] [DEBUG] - db_session.select (db_session.py:107) - select id,service_name,host,date_format(create_time,'%Y-%m-%d %T') as create_time,date_format(update_time,'%Y-%m-%d %T') as update_time from gateway_mapping where  1 = 1 and  delete_time is null limit 0,10
[2022-11-15 20:13:12,948] [14656] [INFO] - main.gateway_query (main.py:65) - {'offset': 0, 'limit': 10}
[2022-11-15 20:13:12,952] [14656] [INFO] - main.gateway_query (main.py:65) - {'offset': 0, 'limit': 10}
[2022-11-15 20:13:12,966] [14656] [DEBUG] - db_session.select (db_session.py:107) - select id,service_name,host,date_format(create_time,'%Y-%m-%d %T') as create_time,date_format(update_time,'%Y-%m-%d %T') as update_time from gateway_mapping where  1 = 1 and  delete_time is null limit 0,10
[2022-11-15 20:13:12,981] [14656] [DEBUG] - db_session.select (db_session.py:107) - select id,service_name,host,date_format(create_time,'%Y-%m-%d %T') as create_time,date_format(update_time,'%Y-%m-%d %T') as update_time from gateway_mapping where  1 = 1 and  delete_time is null limit 0,10
[2022-11-15 20:14:54,608] [14656] [INFO] - main.gateway_query (main.py:65) - {'offset': 0, 'limit': 10}
[2022-11-15 20:14:54,611] [14656] [INFO] - main.gateway_query (main.py:65) - {'offset': 0, 'limit': 10}
[2022-11-15 20:14:54,616] [14656] [DEBUG] - db_session.select (db_session.py:107) - select id,service_name,host,date_format(create_time,'%Y-%m-%d %T') as create_time,date_format(update_time,'%Y-%m-%d %T') as update_time from gateway_mapping where  1 = 1 and  delete_time is null limit 0,10
[2022-11-15 20:14:54,728] [14656] [DEBUG] - db_session.select (db_session.py:107) - select id,service_name,host,date_format(create_time,'%Y-%m-%d %T') as create_time,date_format(update_time,'%Y-%m-%d %T') as update_time from gateway_mapping where  1 = 1 and  delete_time is null limit 0,10
[2022-11-15 20:14:55,769] [14656] [INFO] - main.gateway_query (main.py:65) - {'offset': 0, 'limit': 10}
[2022-11-15 20:14:55,774] [14656] [INFO] - main.gateway_query (main.py:65) - {'offset': 0, 'limit': 10}
[2022-11-15 20:14:55,879] [14656] [DEBUG] - db_session.select (db_session.py:107) - select id,service_name,host,date_format(create_time,'%Y-%m-%d %T') as create_time,date_format(update_time,'%Y-%m-%d %T') as update_time from gateway_mapping where  1 = 1 and  delete_time is null limit 0,10
[2022-11-15 20:14:55,906] [14656] [DEBUG] - db_session.select (db_session.py:107) - select id,service_name,host,date_format(create_time,'%Y-%m-%d %T') as create_time,date_format(update_time,'%Y-%m-%d %T') as update_time from gateway_mapping where  1 = 1 and  delete_time is null limit 0,10
[2022-11-15 20:14:59,024] [14656] [INFO] - main.gateway_query (main.py:65) - {'offset': 0, 'limit': 10}
[2022-11-15 20:14:59,026] [14656] [INFO] - main.gateway_query (main.py:65) - {'offset': 0, 'limit': 10}
[2022-11-15 20:14:59,037] [14656] [DEBUG] - db_session.select (db_session.py:107) - select id,service_name,host,date_format(create_time,'%Y-%m-%d %T') as create_time,date_format(update_time,'%Y-%m-%d %T') as update_time from gateway_mapping where  1 = 1 and  delete_time is null limit 0,10
[2022-11-15 20:14:59,045] [14656] [DEBUG] - db_session.select (db_session.py:107) - select id,service_name,host,date_format(create_time,'%Y-%m-%d %T') as create_time,date_format(update_time,'%Y-%m-%d %T') as update_time from gateway_mapping where  1 = 1 and  delete_time is null limit 0,10
[2022-11-15 20:14:59,998] [14656] [INFO] - main.gateway_query (main.py:65) - {'offset': 0, 'limit': 10}
[2022-11-15 20:15:00,000] [14656] [INFO] - main.gateway_query (main.py:65) - {'offset': 0, 'limit': 10}
[2022-11-15 20:15:00,003] [14656] [DEBUG] - db_session.select (db_session.py:107) - select id,service_name,host,date_format(create_time,'%Y-%m-%d %T') as create_time,date_format(update_time,'%Y-%m-%d %T') as update_time from gateway_mapping where  1 = 1 and  delete_time is null limit 0,10
[2022-11-15 20:15:00,023] [14656] [DEBUG] - db_session.select (db_session.py:107) - select id,service_name,host,date_format(create_time,'%Y-%m-%d %T') as create_time,date_format(update_time,'%Y-%m-%d %T') as update_time from gateway_mapping where  1 = 1 and  delete_time is null limit 0,10
[2022-11-15 20:15:01,957] [14656] [INFO] - main.gateway_query (main.py:65) - {'offset': 0, 'limit': 10}
[2022-11-15 20:15:01,960] [14656] [INFO] - main.gateway_query (main.py:65) - {'offset': 0, 'limit': 10}
[2022-11-15 20:15:02,011] [14656] [DEBUG] - db_session.select (db_session.py:107) - select id,service_name,host,date_format(create_time,'%Y-%m-%d %T') as create_time,date_format(update_time,'%Y-%m-%d %T') as update_time from gateway_mapping where  1 = 1 and  delete_time is null limit 0,10
[2022-11-15 20:15:02,016] [14656] [DEBUG] - db_session.select (db_session.py:107) - select id,service_name,host,date_format(create_time,'%Y-%m-%d %T') as create_time,date_format(update_time,'%Y-%m-%d %T') as update_time from gateway_mapping where  1 = 1 and  delete_time is null limit 0,10
[2022-11-15 20:15:52,948] [14656] [INFO] - main.gateway_query (main.py:65) - {'offset': 0, 'limit': 10}
[2022-11-15 20:15:52,951] [14656] [INFO] - main.gateway_query (main.py:65) - {'offset': 0, 'limit': 10}
[2022-11-15 20:15:52,955] [14656] [DEBUG] - db_session.select (db_session.py:107) - select id,service_name,host,date_format(create_time,'%Y-%m-%d %T') as create_time,date_format(update_time,'%Y-%m-%d %T') as update_time from gateway_mapping where  1 = 1 and  delete_time is null limit 0,10
[2022-11-15 20:15:52,979] [14656] [DEBUG] - db_session.select (db_session.py:107) - select id,service_name,host,date_format(create_time,'%Y-%m-%d %T') as create_time,date_format(update_time,'%Y-%m-%d %T') as update_time from gateway_mapping where  1 = 1 and  delete_time is null limit 0,10
[2022-11-15 20:16:46,704] [14656] [INFO] - main.gateway_query (main.py:65) - {'offset': 0, 'limit': 10}
[2022-11-15 20:16:46,706] [14656] [INFO] - main.gateway_query (main.py:65) - {'offset': 0, 'limit': 10}
[2022-11-15 20:16:46,806] [14656] [DEBUG] - db_session.select (db_session.py:107) - select id,service_name,host,date_format(create_time,'%Y-%m-%d %T') as create_time,date_format(update_time,'%Y-%m-%d %T') as update_time from gateway_mapping where  1 = 1 and  delete_time is null limit 0,10
[2022-11-15 20:16:46,813] [14656] [DEBUG] - db_session.select (db_session.py:107) - select id,service_name,host,date_format(create_time,'%Y-%m-%d %T') as create_time,date_format(update_time,'%Y-%m-%d %T') as update_time from gateway_mapping where  1 = 1 and  delete_time is null limit 0,10
[2022-11-15 20:16:48,914] [14656] [INFO] - main.gateway_query (main.py:65) - {'offset': 0, 'limit': 10}
[2022-11-15 20:16:48,918] [14656] [INFO] - main.gateway_query (main.py:65) - {'offset': 0, 'limit': 10}
[2022-11-15 20:16:48,922] [14656] [DEBUG] - db_session.select (db_session.py:107) - select id,service_name,host,date_format(create_time,'%Y-%m-%d %T') as create_time,date_format(update_time,'%Y-%m-%d %T') as update_time from gateway_mapping where  1 = 1 and  delete_time is null limit 0,10
[2022-11-15 20:16:48,924] [14656] [DEBUG] - db_session.select (db_session.py:107) - select id,service_name,host,date_format(create_time,'%Y-%m-%d %T') as create_time,date_format(update_time,'%Y-%m-%d %T') as update_time from gateway_mapping where  1 = 1 and  delete_time is null limit 0,10
[2022-11-15 20:16:51,211] [14656] [INFO] - main.gateway_query (main.py:65) - {'offset': 0, 'limit': 10}
[2022-11-15 20:16:51,213] [14656] [INFO] - main.gateway_query (main.py:65) - {'offset': 0, 'limit': 10}
[2022-11-15 20:16:51,219] [14656] [DEBUG] - db_session.select (db_session.py:107) - select id,service_name,host,date_format(create_time,'%Y-%m-%d %T') as create_time,date_format(update_time,'%Y-%m-%d %T') as update_time from gateway_mapping where  1 = 1 and  delete_time is null limit 0,10
[2022-11-15 20:16:51,220] [14656] [DEBUG] - db_session.select (db_session.py:107) - select id,service_name,host,date_format(create_time,'%Y-%m-%d %T') as create_time,date_format(update_time,'%Y-%m-%d %T') as update_time from gateway_mapping where  1 = 1 and  delete_time is null limit 0,10
[2022-11-15 20:17:21,597] [14656] [INFO] - main.gateway_query (main.py:65) - {'offset': 0, 'limit': 10}
[2022-11-15 20:17:21,599] [14656] [INFO] - main.gateway_query (main.py:65) - {'offset': 0, 'limit': 10}
[2022-11-15 20:17:21,603] [14656] [DEBUG] - db_session.select (db_session.py:107) - select id,service_name,host,date_format(create_time,'%Y-%m-%d %T') as create_time,date_format(update_time,'%Y-%m-%d %T') as update_time from gateway_mapping where  1 = 1 and  delete_time is null limit 0,10
[2022-11-15 20:17:21,605] [14656] [DEBUG] - db_session.select (db_session.py:107) - select id,service_name,host,date_format(create_time,'%Y-%m-%d %T') as create_time,date_format(update_time,'%Y-%m-%d %T') as update_time from gateway_mapping where  1 = 1 and  delete_time is null limit 0,10
[2022-11-15 20:17:23,166] [14656] [INFO] - main.gateway_query (main.py:65) - {'offset': 0, 'limit': 10}
[2022-11-15 20:17:23,169] [14656] [INFO] - main.gateway_query (main.py:65) - {'offset': 0, 'limit': 10}
[2022-11-15 20:17:23,198] [14656] [DEBUG] - db_session.select (db_session.py:107) - select id,service_name,host,date_format(create_time,'%Y-%m-%d %T') as create_time,date_format(update_time,'%Y-%m-%d %T') as update_time from gateway_mapping where  1 = 1 and  delete_time is null limit 0,10
[2022-11-15 20:17:23,200] [14656] [DEBUG] - db_session.select (db_session.py:107) - select id,service_name,host,date_format(create_time,'%Y-%m-%d %T') as create_time,date_format(update_time,'%Y-%m-%d %T') as update_time from gateway_mapping where  1 = 1 and  delete_time is null limit 0,10
[2022-11-15 20:20:51,874] [14656] [INFO] - main.gateway_query (main.py:65) - {'offset': 0, 'limit': 10}
[2022-11-15 20:20:51,879] [14656] [INFO] - main.gateway_query (main.py:65) - {'offset': 0, 'limit': 10}
[2022-11-15 20:20:52,015] [14656] [DEBUG] - db_session.select (db_session.py:107) - select id,service_name,host,date_format(create_time,'%Y-%m-%d %T') as create_time,date_format(update_time,'%Y-%m-%d %T') as update_time from gateway_mapping where  1 = 1 and  delete_time is null limit 0,10
[2022-11-15 20:20:52,032] [14656] [DEBUG] - db_session.select (db_session.py:107) - select id,service_name,host,date_format(create_time,'%Y-%m-%d %T') as create_time,date_format(update_time,'%Y-%m-%d %T') as update_time from gateway_mapping where  1 = 1 and  delete_time is null limit 0,10
[2022-11-15 20:22:30,392] [14656] [INFO] - main.gateway_query (main.py:65) - {'offset': 0, 'limit': 10}
[2022-11-15 20:22:30,407] [14656] [INFO] - main.gateway_query (main.py:65) - {'offset': 0, 'limit': 10}
[2022-11-15 20:22:30,471] [14656] [DEBUG] - db_session.select (db_session.py:107) - select id,service_name,host,date_format(create_time,'%Y-%m-%d %T') as create_time,date_format(update_time,'%Y-%m-%d %T') as update_time from gateway_mapping where  1 = 1 and  delete_time is null limit 0,10
[2022-11-15 20:22:30,481] [14656] [DEBUG] - db_session.select (db_session.py:107) - select id,service_name,host,date_format(create_time,'%Y-%m-%d %T') as create_time,date_format(update_time,'%Y-%m-%d %T') as update_time from gateway_mapping where  1 = 1 and  delete_time is null limit 0,10
[2022-11-15 20:22:35,692] [14656] [INFO] - main.gateway_query (main.py:65) - {'offset': 0, 'limit': 10}
[2022-11-15 20:22:35,698] [14656] [INFO] - main.gateway_query (main.py:65) - {'offset': 0, 'limit': 10}
[2022-11-15 20:22:35,762] [14656] [DEBUG] - db_session.select (db_session.py:107) - select id,service_name,host,date_format(create_time,'%Y-%m-%d %T') as create_time,date_format(update_time,'%Y-%m-%d %T') as update_time from gateway_mapping where  1 = 1 and  delete_time is null limit 0,10
[2022-11-15 20:22:35,773] [14656] [DEBUG] - db_session.select (db_session.py:107) - select id,service_name,host,date_format(create_time,'%Y-%m-%d %T') as create_time,date_format(update_time,'%Y-%m-%d %T') as update_time from gateway_mapping where  1 = 1 and  delete_time is null limit 0,10
[2022-11-15 20:22:38,145] [14656] [INFO] - main.gateway_query (main.py:65) - {'offset': 0, 'limit': 10}
[2022-11-15 20:22:38,147] [14656] [INFO] - main.gateway_query (main.py:65) - {'offset': 0, 'limit': 10}
[2022-11-15 20:22:38,182] [14656] [DEBUG] - db_session.select (db_session.py:107) - select id,service_name,host,date_format(create_time,'%Y-%m-%d %T') as create_time,date_format(update_time,'%Y-%m-%d %T') as update_time from gateway_mapping where  1 = 1 and  delete_time is null limit 0,10
[2022-11-15 20:22:38,198] [14656] [DEBUG] - db_session.select (db_session.py:107) - select id,service_name,host,date_format(create_time,'%Y-%m-%d %T') as create_time,date_format(update_time,'%Y-%m-%d %T') as update_time from gateway_mapping where  1 = 1 and  delete_time is null limit 0,10
[2022-11-15 20:23:15,503] [14656] [INFO] - main.gateway_query (main.py:65) - {'offset': 0, 'limit': 10}
[2022-11-15 20:23:15,508] [14656] [DEBUG] - db_session.select (db_session.py:107) - select id,service_name,host,date_format(create_time,'%Y-%m-%d %T') as create_time,date_format(update_time,'%Y-%m-%d %T') as update_time from gateway_mapping where  1 = 1 and  delete_time is null limit 0,10
[2022-11-15 20:23:15,512] [14656] [INFO] - main.gateway_query (main.py:65) - {'offset': 0, 'limit': 10}
[2022-11-15 20:23:15,542] [14656] [DEBUG] - db_session.select (db_session.py:107) - select id,service_name,host,date_format(create_time,'%Y-%m-%d %T') as create_time,date_format(update_time,'%Y-%m-%d %T') as update_time from gateway_mapping where  1 = 1 and  delete_time is null limit 0,10
[2022-11-15 20:23:20,573] [14656] [INFO] - main.gateway_query (main.py:65) - {'offset': 0, 'limit': 10}
[2022-11-15 20:23:20,577] [14656] [INFO] - main.gateway_query (main.py:65) - {'offset': 0, 'limit': 10}
[2022-11-15 20:23:20,595] [14656] [DEBUG] - db_session.select (db_session.py:107) - select id,service_name,host,date_format(create_time,'%Y-%m-%d %T') as create_time,date_format(update_time,'%Y-%m-%d %T') as update_time from gateway_mapping where  1 = 1 and  delete_time is null limit 0,10
[2022-11-15 20:23:20,618] [14656] [DEBUG] - db_session.select (db_session.py:107) - select id,service_name,host,date_format(create_time,'%Y-%m-%d %T') as create_time,date_format(update_time,'%Y-%m-%d %T') as update_time from gateway_mapping where  1 = 1 and  delete_time is null limit 0,10
[2022-11-15 20:23:28,830] [14656] [INFO] - main.gateway_query (main.py:65) - {'offset': 0, 'limit': 10}
[2022-11-15 20:23:28,834] [14656] [INFO] - main.gateway_query (main.py:65) - {'offset': 0, 'limit': 10}
[2022-11-15 20:23:28,930] [14656] [DEBUG] - db_session.select (db_session.py:107) - select id,service_name,host,date_format(create_time,'%Y-%m-%d %T') as create_time,date_format(update_time,'%Y-%m-%d %T') as update_time from gateway_mapping where  1 = 1 and  delete_time is null limit 0,10
[2022-11-15 20:23:28,940] [14656] [DEBUG] - db_session.select (db_session.py:107) - select id,service_name,host,date_format(create_time,'%Y-%m-%d %T') as create_time,date_format(update_time,'%Y-%m-%d %T') as update_time from gateway_mapping where  1 = 1 and  delete_time is null limit 0,10
[2022-11-15 20:23:31,540] [14656] [INFO] - main.gateway_query (main.py:65) - {'offset': 0, 'limit': 10}
[2022-11-15 20:23:31,543] [14656] [DEBUG] - db_session.select (db_session.py:107) - select id,service_name,host,date_format(create_time,'%Y-%m-%d %T') as create_time,date_format(update_time,'%Y-%m-%d %T') as update_time from gateway_mapping where  1 = 1 and  delete_time is null limit 0,10
[2022-11-15 20:23:31,545] [14656] [INFO] - main.gateway_query (main.py:65) - {'offset': 0, 'limit': 10}
[2022-11-15 20:23:31,559] [14656] [DEBUG] - db_session.select (db_session.py:107) - select id,service_name,host,date_format(create_time,'%Y-%m-%d %T') as create_time,date_format(update_time,'%Y-%m-%d %T') as update_time from gateway_mapping where  1 = 1 and  delete_time is null limit 0,10
[2022-11-15 20:23:51,059] [14656] [INFO] - main.gateway_query (main.py:65) - {'offset': 0, 'limit': 10}
[2022-11-15 20:23:51,060] [14656] [INFO] - main.gateway_query (main.py:65) - {'offset': 0, 'limit': 10}
[2022-11-15 20:23:51,083] [14656] [DEBUG] - db_session.select (db_session.py:107) - select id,service_name,host,date_format(create_time,'%Y-%m-%d %T') as create_time,date_format(update_time,'%Y-%m-%d %T') as update_time from gateway_mapping where  1 = 1 and  delete_time is null limit 0,10
[2022-11-15 20:23:51,093] [14656] [DEBUG] - db_session.select (db_session.py:107) - select id,service_name,host,date_format(create_time,'%Y-%m-%d %T') as create_time,date_format(update_time,'%Y-%m-%d %T') as update_time from gateway_mapping where  1 = 1 and  delete_time is null limit 0,10
[2022-11-15 20:39:08,385] [14656] [INFO] - main.gateway_query (main.py:65) - {'offset': 0, 'limit': 10}
[2022-11-15 20:39:08,402] [14656] [INFO] - main.gateway_query (main.py:65) - {'offset': 0, 'limit': 10}
[2022-11-15 20:39:08,411] [14656] [DEBUG] - db_session.select (db_session.py:107) - select id,service_name,host,date_format(create_time,'%Y-%m-%d %T') as create_time,date_format(update_time,'%Y-%m-%d %T') as update_time from gateway_mapping where  1 = 1 and  delete_time is null limit 0,10
[2022-11-15 20:39:08,416] [14656] [DEBUG] - db_session.select (db_session.py:107) - select id,service_name,host,date_format(create_time,'%Y-%m-%d %T') as create_time,date_format(update_time,'%Y-%m-%d %T') as update_time from gateway_mapping where  1 = 1 and  delete_time is null limit 0,10
[2022-11-15 20:40:48,158] [14656] [INFO] - main.gateway_query (main.py:65) - {'offset': 0, 'limit': 10}
[2022-11-15 20:40:48,160] [14656] [INFO] - main.gateway_query (main.py:65) - {'offset': 0, 'limit': 10}
[2022-11-15 20:40:48,163] [14656] [DEBUG] - db_session.select (db_session.py:107) - select id,service_name,host,date_format(create_time,'%Y-%m-%d %T') as create_time,date_format(update_time,'%Y-%m-%d %T') as update_time from gateway_mapping where  1 = 1 and  delete_time is null limit 0,10
[2022-11-15 20:40:48,184] [14656] [DEBUG] - db_session.select (db_session.py:107) - select id,service_name,host,date_format(create_time,'%Y-%m-%d %T') as create_time,date_format(update_time,'%Y-%m-%d %T') as update_time from gateway_mapping where  1 = 1 and  delete_time is null limit 0,10
[2022-11-15 20:41:00,271] [14656] [INFO] - main.gateway_query (main.py:65) - {'offset': 0, 'limit': 10}
[2022-11-15 20:41:00,276] [14656] [INFO] - main.gateway_query (main.py:65) - {'offset': 0, 'limit': 10}
[2022-11-15 20:41:00,322] [14656] [DEBUG] - db_session.select (db_session.py:107) - select id,service_name,host,date_format(create_time,'%Y-%m-%d %T') as create_time,date_format(update_time,'%Y-%m-%d %T') as update_time from gateway_mapping where  1 = 1 and  delete_time is null limit 0,10
[2022-11-15 20:41:00,330] [14656] [DEBUG] - db_session.select (db_session.py:107) - select id,service_name,host,date_format(create_time,'%Y-%m-%d %T') as create_time,date_format(update_time,'%Y-%m-%d %T') as update_time from gateway_mapping where  1 = 1 and  delete_time is null limit 0,10
[2022-11-15 20:41:22,078] [14656] [INFO] - main.gateway_query (main.py:65) - {'offset': 0, 'limit': 10}
[2022-11-15 20:41:22,085] [14656] [INFO] - main.gateway_query (main.py:65) - {'offset': 0, 'limit': 10}
[2022-11-15 20:41:22,109] [14656] [DEBUG] - db_session.select (db_session.py:107) - select id,service_name,host,date_format(create_time,'%Y-%m-%d %T') as create_time,date_format(update_time,'%Y-%m-%d %T') as update_time from gateway_mapping where  1 = 1 and  delete_time is null limit 0,10
[2022-11-15 20:41:22,113] [14656] [DEBUG] - db_session.select (db_session.py:107) - select id,service_name,host,date_format(create_time,'%Y-%m-%d %T') as create_time,date_format(update_time,'%Y-%m-%d %T') as update_time from gateway_mapping where  1 = 1 and  delete_time is null limit 0,10
[2022-11-15 20:41:24,369] [14656] [INFO] - main.gateway_query (main.py:65) - {'offset': 0, 'limit': 10}
[2022-11-15 20:41:24,374] [14656] [DEBUG] - db_session.select (db_session.py:107) - select id,service_name,host,date_format(create_time,'%Y-%m-%d %T') as create_time,date_format(update_time,'%Y-%m-%d %T') as update_time from gateway_mapping where  1 = 1 and  delete_time is null limit 0,10
[2022-11-15 20:41:24,379] [14656] [INFO] - main.gateway_query (main.py:65) - {'offset': 0, 'limit': 10}
[2022-11-15 20:41:24,382] [14656] [DEBUG] - db_session.select (db_session.py:107) - select id,service_name,host,date_format(create_time,'%Y-%m-%d %T') as create_time,date_format(update_time,'%Y-%m-%d %T') as update_time from gateway_mapping where  1 = 1 and  delete_time is null limit 0,10
[2022-11-15 20:43:38,955] [14656] [INFO] - main.gateway_query (main.py:65) - {'offset': 0, 'limit': 10}
[2022-11-15 20:43:38,963] [14656] [INFO] - main.gateway_query (main.py:65) - {'offset': 0, 'limit': 10}
[2022-11-15 20:43:38,992] [14656] [DEBUG] - db_session.select (db_session.py:107) - select id,service_name,host,date_format(create_time,'%Y-%m-%d %T') as create_time,date_format(update_time,'%Y-%m-%d %T') as update_time from gateway_mapping where  1 = 1 and  delete_time is null limit 0,10
[2022-11-15 20:43:39,009] [14656] [DEBUG] - db_session.select (db_session.py:107) - select id,service_name,host,date_format(create_time,'%Y-%m-%d %T') as create_time,date_format(update_time,'%Y-%m-%d %T') as update_time from gateway_mapping where  1 = 1 and  delete_time is null limit 0,10
[2022-11-15 20:43:47,830] [14656] [INFO] - main.gateway_query (main.py:65) - {'offset': 0, 'limit': 10}
[2022-11-15 20:43:47,835] [14656] [INFO] - main.gateway_query (main.py:65) - {'offset': 0, 'limit': 10}
[2022-11-15 20:43:47,839] [14656] [DEBUG] - db_session.select (db_session.py:107) - select id,service_name,host,date_format(create_time,'%Y-%m-%d %T') as create_time,date_format(update_time,'%Y-%m-%d %T') as update_time from gateway_mapping where  1 = 1 and  delete_time is null limit 0,10
[2022-11-15 20:43:47,843] [14656] [DEBUG] - db_session.select (db_session.py:107) - select id,service_name,host,date_format(create_time,'%Y-%m-%d %T') as create_time,date_format(update_time,'%Y-%m-%d %T') as update_time from gateway_mapping where  1 = 1 and  delete_time is null limit 0,10
[2022-11-15 20:45:16,233] [14656] [INFO] - main.gateway_query (main.py:65) - {'offset': 0, 'limit': 10}
[2022-11-15 20:45:16,242] [14656] [INFO] - main.gateway_query (main.py:65) - {'offset': 0, 'limit': 10}
[2022-11-15 20:45:16,278] [14656] [DEBUG] - db_session.select (db_session.py:107) - select id,service_name,host,date_format(create_time,'%Y-%m-%d %T') as create_time,date_format(update_time,'%Y-%m-%d %T') as update_time from gateway_mapping where  1 = 1 and  delete_time is null limit 0,10
[2022-11-15 20:45:16,279] [14656] [DEBUG] - db_session.select (db_session.py:107) - select id,service_name,host,date_format(create_time,'%Y-%m-%d %T') as create_time,date_format(update_time,'%Y-%m-%d %T') as update_time from gateway_mapping where  1 = 1 and  delete_time is null limit 0,10
[2022-11-15 20:46:52,963] [14656] [INFO] - main.gateway_query (main.py:65) - {'offset': 0, 'limit': 10}
[2022-11-15 20:46:52,968] [14656] [INFO] - main.gateway_query (main.py:65) - {'offset': 0, 'limit': 10}
[2022-11-15 20:46:52,972] [14656] [DEBUG] - db_session.select (db_session.py:107) - select id,service_name,host,date_format(create_time,'%Y-%m-%d %T') as create_time,date_format(update_time,'%Y-%m-%d %T') as update_time from gateway_mapping where  1 = 1 and  delete_time is null limit 0,10
[2022-11-15 20:46:52,975] [14656] [DEBUG] - db_session.select (db_session.py:107) - select id,service_name,host,date_format(create_time,'%Y-%m-%d %T') as create_time,date_format(update_time,'%Y-%m-%d %T') as update_time from gateway_mapping where  1 = 1 and  delete_time is null limit 0,10
[2022-11-15 20:46:58,231] [14656] [INFO] - main.gateway_query (main.py:65) - {'offset': 0, 'limit': 10}
[2022-11-15 20:46:58,241] [14656] [DEBUG] - db_session.select (db_session.py:107) - select id,service_name,host,date_format(create_time,'%Y-%m-%d %T') as create_time,date_format(update_time,'%Y-%m-%d %T') as update_time from gateway_mapping where  1 = 1 and  delete_time is null limit 0,10
[2022-11-15 20:46:58,245] [14656] [INFO] - main.gateway_query (main.py:65) - {'offset': 0, 'limit': 10}
[2022-11-15 20:46:58,261] [14656] [DEBUG] - db_session.select (db_session.py:107) - select id,service_name,host,date_format(create_time,'%Y-%m-%d %T') as create_time,date_format(update_time,'%Y-%m-%d %T') as update_time from gateway_mapping where  1 = 1 and  delete_time is null limit 0,10
[2022-11-15 20:48:24,602] [14656] [INFO] - main.gateway_query (main.py:65) - {'offset': 0, 'limit': 10}
[2022-11-15 20:48:24,608] [14656] [INFO] - main.gateway_query (main.py:65) - {'offset': 0, 'limit': 10}
[2022-11-15 20:48:24,624] [14656] [DEBUG] - db_session.select (db_session.py:107) - select id,service_name,host,date_format(create_time,'%Y-%m-%d %T') as create_time,date_format(update_time,'%Y-%m-%d %T') as update_time from gateway_mapping where  1 = 1 and  delete_time is null limit 0,10
[2022-11-15 20:48:24,629] [14656] [DEBUG] - db_session.select (db_session.py:107) - select id,service_name,host,date_format(create_time,'%Y-%m-%d %T') as create_time,date_format(update_time,'%Y-%m-%d %T') as update_time from gateway_mapping where  1 = 1 and  delete_time is null limit 0,10
[2022-11-15 20:48:26,010] [14656] [INFO] - main.gateway_query (main.py:65) - {'offset': 0, 'limit': 10}
[2022-11-15 20:48:26,013] [14656] [INFO] - main.gateway_query (main.py:65) - {'offset': 0, 'limit': 10}
[2022-11-15 20:48:26,016] [14656] [DEBUG] - db_session.select (db_session.py:107) - select id,service_name,host,date_format(create_time,'%Y-%m-%d %T') as create_time,date_format(update_time,'%Y-%m-%d %T') as update_time from gateway_mapping where  1 = 1 and  delete_time is null limit 0,10
[2022-11-15 20:48:26,020] [14656] [DEBUG] - db_session.select (db_session.py:107) - select id,service_name,host,date_format(create_time,'%Y-%m-%d %T') as create_time,date_format(update_time,'%Y-%m-%d %T') as update_time from gateway_mapping where  1 = 1 and  delete_time is null limit 0,10
[2022-11-15 20:48:27,901] [14656] [INFO] - main.gateway_query (main.py:65) - {'offset': 0, 'limit': 10}
[2022-11-15 20:48:27,905] [14656] [INFO] - main.gateway_query (main.py:65) - {'offset': 0, 'limit': 10}
[2022-11-15 20:48:27,907] [14656] [DEBUG] - db_session.select (db_session.py:107) - select id,service_name,host,date_format(create_time,'%Y-%m-%d %T') as create_time,date_format(update_time,'%Y-%m-%d %T') as update_time from gateway_mapping where  1 = 1 and  delete_time is null limit 0,10
[2022-11-15 20:48:27,958] [14656] [DEBUG] - db_session.select (db_session.py:107) - select id,service_name,host,date_format(create_time,'%Y-%m-%d %T') as create_time,date_format(update_time,'%Y-%m-%d %T') as update_time from gateway_mapping where  1 = 1 and  delete_time is null limit 0,10
[2022-11-15 20:48:30,041] [14656] [INFO] - main.gateway_query (main.py:65) - {'offset': 0, 'limit': 10}
[2022-11-15 20:48:30,048] [14656] [INFO] - main.gateway_query (main.py:65) - {'offset': 0, 'limit': 10}
[2022-11-15 20:48:30,081] [14656] [DEBUG] - db_session.select (db_session.py:107) - select id,service_name,host,date_format(create_time,'%Y-%m-%d %T') as create_time,date_format(update_time,'%Y-%m-%d %T') as update_time from gateway_mapping where  1 = 1 and  delete_time is null limit 0,10
[2022-11-15 20:48:30,092] [14656] [DEBUG] - db_session.select (db_session.py:107) - select id,service_name,host,date_format(create_time,'%Y-%m-%d %T') as create_time,date_format(update_time,'%Y-%m-%d %T') as update_time from gateway_mapping where  1 = 1 and  delete_time is null limit 0,10
[2022-11-15 20:48:31,183] [14656] [INFO] - main.gateway_query (main.py:65) - {'offset': 0, 'limit': 10}
[2022-11-15 20:48:31,193] [14656] [INFO] - main.gateway_query (main.py:65) - {'offset': 0, 'limit': 10}
[2022-11-15 20:48:31,202] [14656] [DEBUG] - db_session.select (db_session.py:107) - select id,service_name,host,date_format(create_time,'%Y-%m-%d %T') as create_time,date_format(update_time,'%Y-%m-%d %T') as update_time from gateway_mapping where  1 = 1 and  delete_time is null limit 0,10
[2022-11-15 20:48:31,243] [14656] [DEBUG] - db_session.select (db_session.py:107) - select id,service_name,host,date_format(create_time,'%Y-%m-%d %T') as create_time,date_format(update_time,'%Y-%m-%d %T') as update_time from gateway_mapping where  1 = 1 and  delete_time is null limit 0,10
[2022-11-15 20:48:32,378] [14656] [INFO] - main.gateway_query (main.py:65) - {'offset': 0, 'limit': 10}
[2022-11-15 20:48:32,384] [14656] [INFO] - main.gateway_query (main.py:65) - {'offset': 0, 'limit': 10}
[2022-11-15 20:48:32,421] [14656] [DEBUG] - db_session.select (db_session.py:107) - select id,service_name,host,date_format(create_time,'%Y-%m-%d %T') as create_time,date_format(update_time,'%Y-%m-%d %T') as update_time from gateway_mapping where  1 = 1 and  delete_time is null limit 0,10
[2022-11-15 20:48:32,423] [14656] [DEBUG] - db_session.select (db_session.py:107) - select id,service_name,host,date_format(create_time,'%Y-%m-%d %T') as create_time,date_format(update_time,'%Y-%m-%d %T') as update_time from gateway_mapping where  1 = 1 and  delete_time is null limit 0,10
[2022-11-15 20:48:33,320] [14656] [INFO] - main.gateway_query (main.py:65) - {'offset': 0, 'limit': 10}
[2022-11-15 20:48:33,325] [14656] [INFO] - main.gateway_query (main.py:65) - {'offset': 0, 'limit': 10}
[2022-11-15 20:48:33,341] [14656] [DEBUG] - db_session.select (db_session.py:107) - select id,service_name,host,date_format(create_time,'%Y-%m-%d %T') as create_time,date_format(update_time,'%Y-%m-%d %T') as update_time from gateway_mapping where  1 = 1 and  delete_time is null limit 0,10
[2022-11-15 20:48:33,342] [14656] [DEBUG] - db_session.select (db_session.py:107) - select id,service_name,host,date_format(create_time,'%Y-%m-%d %T') as create_time,date_format(update_time,'%Y-%m-%d %T') as update_time from gateway_mapping where  1 = 1 and  delete_time is null limit 0,10
[2022-11-15 20:49:39,976] [14656] [INFO] - main.gateway_query (main.py:65) - {'offset': 0, 'limit': 10}
[2022-11-15 20:49:39,984] [14656] [INFO] - main.gateway_query (main.py:65) - {'offset': 0, 'limit': 10}
[2022-11-15 20:49:39,996] [14656] [DEBUG] - db_session.select (db_session.py:107) - select id,service_name,host,date_format(create_time,'%Y-%m-%d %T') as create_time,date_format(update_time,'%Y-%m-%d %T') as update_time from gateway_mapping where  1 = 1 and  delete_time is null limit 0,10
[2022-11-15 20:49:39,997] [14656] [DEBUG] - db_session.select (db_session.py:107) - select id,service_name,host,date_format(create_time,'%Y-%m-%d %T') as create_time,date_format(update_time,'%Y-%m-%d %T') as update_time from gateway_mapping where  1 = 1 and  delete_time is null limit 0,10
[2022-11-15 20:49:40,891] [14656] [INFO] - main.gateway_query (main.py:65) - {'offset': 0, 'limit': 10}
[2022-11-15 20:49:40,893] [14656] [INFO] - main.gateway_query (main.py:65) - {'offset': 0, 'limit': 10}
[2022-11-15 20:49:40,896] [14656] [DEBUG] - db_session.select (db_session.py:107) - select id,service_name,host,date_format(create_time,'%Y-%m-%d %T') as create_time,date_format(update_time,'%Y-%m-%d %T') as update_time from gateway_mapping where  1 = 1 and  delete_time is null limit 0,10
[2022-11-15 20:49:40,912] [14656] [DEBUG] - db_session.select (db_session.py:107) - select id,service_name,host,date_format(create_time,'%Y-%m-%d %T') as create_time,date_format(update_time,'%Y-%m-%d %T') as update_time from gateway_mapping where  1 = 1 and  delete_time is null limit 0,10
[2022-11-15 20:56:36,991] [14656] [INFO] - main.gateway_query (main.py:65) - {'offset': 0, 'limit': 10}
[2022-11-15 20:56:37,006] [14656] [INFO] - main.gateway_query (main.py:65) - {'offset': 0, 'limit': 10}
[2022-11-15 20:56:37,063] [14656] [DEBUG] - db_session.select (db_session.py:107) - select id,service_name,host,date_format(create_time,'%Y-%m-%d %T') as create_time,date_format(update_time,'%Y-%m-%d %T') as update_time from gateway_mapping where  1 = 1 and  delete_time is null limit 0,10
[2022-11-15 20:56:37,081] [14656] [DEBUG] - db_session.select (db_session.py:107) - select id,service_name,host,date_format(create_time,'%Y-%m-%d %T') as create_time,date_format(update_time,'%Y-%m-%d %T') as update_time from gateway_mapping where  1 = 1 and  delete_time is null limit 0,10
[2022-11-15 20:57:07,676] [14656] [INFO] - main.gateway_query (main.py:65) - {'offset': 0, 'limit': 10}
[2022-11-15 20:57:07,687] [14656] [INFO] - main.gateway_query (main.py:65) - {'offset': 0, 'limit': 10}
[2022-11-15 20:57:07,807] [14656] [DEBUG] - db_session.select (db_session.py:107) - select id,service_name,host,date_format(create_time,'%Y-%m-%d %T') as create_time,date_format(update_time,'%Y-%m-%d %T') as update_time from gateway_mapping where  1 = 1 and  delete_time is null limit 0,10
[2022-11-15 20:57:07,828] [14656] [DEBUG] - db_session.select (db_session.py:107) - select id,service_name,host,date_format(create_time,'%Y-%m-%d %T') as create_time,date_format(update_time,'%Y-%m-%d %T') as update_time from gateway_mapping where  1 = 1 and  delete_time is null limit 0,10
[2022-11-15 20:57:13,751] [14656] [INFO] - main.gateway_query (main.py:65) - {'offset': 0, 'limit': 10}
[2022-11-15 20:57:13,752] [14656] [INFO] - main.gateway_query (main.py:65) - {'offset': 0, 'limit': 10}
[2022-11-15 20:57:13,781] [14656] [DEBUG] - db_session.select (db_session.py:107) - select id,service_name,host,date_format(create_time,'%Y-%m-%d %T') as create_time,date_format(update_time,'%Y-%m-%d %T') as update_time from gateway_mapping where  1 = 1 and  delete_time is null limit 0,10
[2022-11-15 20:57:13,795] [14656] [DEBUG] - db_session.select (db_session.py:107) - select id,service_name,host,date_format(create_time,'%Y-%m-%d %T') as create_time,date_format(update_time,'%Y-%m-%d %T') as update_time from gateway_mapping where  1 = 1 and  delete_time is null limit 0,10
[2022-11-15 20:57:25,947] [14656] [INFO] - main.gateway_query (main.py:65) - {'offset': 0, 'limit': 10}
[2022-11-15 20:57:25,949] [14656] [INFO] - main.gateway_query (main.py:65) - {'offset': 0, 'limit': 10}
[2022-11-15 20:57:26,007] [14656] [DEBUG] - db_session.select (db_session.py:107) - select id,service_name,host,date_format(create_time,'%Y-%m-%d %T') as create_time,date_format(update_time,'%Y-%m-%d %T') as update_time from gateway_mapping where  1 = 1 and  delete_time is null limit 0,10
[2022-11-15 20:57:26,023] [14656] [DEBUG] - db_session.select (db_session.py:107) - select id,service_name,host,date_format(create_time,'%Y-%m-%d %T') as create_time,date_format(update_time,'%Y-%m-%d %T') as update_time from gateway_mapping where  1 = 1 and  delete_time is null limit 0,10
[2022-11-15 20:57:29,482] [14656] [INFO] - main.gateway_query (main.py:65) - {'offset': 0, 'limit': 10}
[2022-11-15 20:57:29,484] [14656] [INFO] - main.gateway_query (main.py:65) - {'offset': 0, 'limit': 10}
[2022-11-15 20:57:29,523] [14656] [DEBUG] - db_session.select (db_session.py:107) - select id,service_name,host,date_format(create_time,'%Y-%m-%d %T') as create_time,date_format(update_time,'%Y-%m-%d %T') as update_time from gateway_mapping where  1 = 1 and  delete_time is null limit 0,10
[2022-11-15 20:57:29,530] [14656] [DEBUG] - db_session.select (db_session.py:107) - select id,service_name,host,date_format(create_time,'%Y-%m-%d %T') as create_time,date_format(update_time,'%Y-%m-%d %T') as update_time from gateway_mapping where  1 = 1 and  delete_time is null limit 0,10
[2022-11-15 20:59:12,921] [14656] [INFO] - main.gateway_query (main.py:65) - {'offset': 0, 'limit': 10}
[2022-11-15 20:59:12,924] [14656] [INFO] - main.gateway_query (main.py:65) - {'offset': 0, 'limit': 10}
[2022-11-15 20:59:12,977] [14656] [DEBUG] - db_session.select (db_session.py:107) - select id,service_name,host,date_format(create_time,'%Y-%m-%d %T') as create_time,date_format(update_time,'%Y-%m-%d %T') as update_time from gateway_mapping where  1 = 1 and  delete_time is null limit 0,10
[2022-11-15 20:59:12,988] [14656] [DEBUG] - db_session.select (db_session.py:107) - select id,service_name,host,date_format(create_time,'%Y-%m-%d %T') as create_time,date_format(update_time,'%Y-%m-%d %T') as update_time from gateway_mapping where  1 = 1 and  delete_time is null limit 0,10
[2022-11-15 20:59:14,444] [14656] [INFO] - main.gateway_query (main.py:65) - {'offset': 0, 'limit': 10}
[2022-11-15 20:59:14,448] [14656] [INFO] - main.gateway_query (main.py:65) - {'offset': 0, 'limit': 10}
[2022-11-15 20:59:14,450] [14656] [DEBUG] - db_session.select (db_session.py:107) - select id,service_name,host,date_format(create_time,'%Y-%m-%d %T') as create_time,date_format(update_time,'%Y-%m-%d %T') as update_time from gateway_mapping where  1 = 1 and  delete_time is null limit 0,10
[2022-11-15 20:59:14,453] [14656] [DEBUG] - db_session.select (db_session.py:107) - select id,service_name,host,date_format(create_time,'%Y-%m-%d %T') as create_time,date_format(update_time,'%Y-%m-%d %T') as update_time from gateway_mapping where  1 = 1 and  delete_time is null limit 0,10
[2022-11-15 20:59:15,884] [14656] [INFO] - main.gateway_query (main.py:65) - {'offset': 0, 'limit': 10}
[2022-11-15 20:59:15,887] [14656] [INFO] - main.gateway_query (main.py:65) - {'offset': 0, 'limit': 10}
[2022-11-15 20:59:15,890] [14656] [DEBUG] - db_session.select (db_session.py:107) - select id,service_name,host,date_format(create_time,'%Y-%m-%d %T') as create_time,date_format(update_time,'%Y-%m-%d %T') as update_time from gateway_mapping where  1 = 1 and  delete_time is null limit 0,10
[2022-11-15 20:59:15,899] [14656] [DEBUG] - db_session.select (db_session.py:107) - select id,service_name,host,date_format(create_time,'%Y-%m-%d %T') as create_time,date_format(update_time,'%Y-%m-%d %T') as update_time from gateway_mapping where  1 = 1 and  delete_time is null limit 0,10
[2022-11-15 20:59:18,921] [14656] [INFO] - main.gateway_query (main.py:65) - {'offset': 0, 'limit': 10}
[2022-11-15 20:59:18,923] [14656] [INFO] - main.gateway_query (main.py:65) - {'offset': 0, 'limit': 10}
[2022-11-15 20:59:18,946] [14656] [DEBUG] - db_session.select (db_session.py:107) - select id,service_name,host,date_format(create_time,'%Y-%m-%d %T') as create_time,date_format(update_time,'%Y-%m-%d %T') as update_time from gateway_mapping where  1 = 1 and  delete_time is null limit 0,10
[2022-11-15 20:59:18,950] [14656] [DEBUG] - db_session.select (db_session.py:107) - select id,service_name,host,date_format(create_time,'%Y-%m-%d %T') as create_time,date_format(update_time,'%Y-%m-%d %T') as update_time from gateway_mapping where  1 = 1 and  delete_time is null limit 0,10
[2022-11-15 20:59:25,321] [14656] [INFO] - main.gateway_query (main.py:65) - {'offset': 0, 'limit': 10}
[2022-11-15 20:59:25,323] [14656] [INFO] - main.gateway_query (main.py:65) - {'offset': 0, 'limit': 10}
[2022-11-15 20:59:25,744] [14656] [DEBUG] - db_session.select (db_session.py:107) - select id,service_name,host,date_format(create_time,'%Y-%m-%d %T') as create_time,date_format(update_time,'%Y-%m-%d %T') as update_time from gateway_mapping where  1 = 1 and  delete_time is null limit 0,10
[2022-11-15 20:59:25,745] [14656] [DEBUG] - db_session.select (db_session.py:107) - select id,service_name,host,date_format(create_time,'%Y-%m-%d %T') as create_time,date_format(update_time,'%Y-%m-%d %T') as update_time from gateway_mapping where  1 = 1 and  delete_time is null limit 0,10
[2022-11-15 20:59:32,058] [14656] [INFO] - main.gateway_query (main.py:65) - {'offset': 0, 'limit': 10}
[2022-11-15 20:59:32,060] [14656] [INFO] - main.gateway_query (main.py:65) - {'offset': 0, 'limit': 10}
[2022-11-15 20:59:32,063] [14656] [DEBUG] - db_session.select (db_session.py:107) - select id,service_name,host,date_format(create_time,'%Y-%m-%d %T') as create_time,date_format(update_time,'%Y-%m-%d %T') as update_time from gateway_mapping where  1 = 1 and  delete_time is null limit 0,10
[2022-11-15 20:59:32,086] [14656] [DEBUG] - db_session.select (db_session.py:107) - select id,service_name,host,date_format(create_time,'%Y-%m-%d %T') as create_time,date_format(update_time,'%Y-%m-%d %T') as update_time from gateway_mapping where  1 = 1 and  delete_time is null limit 0,10
[2022-11-15 21:00:06,428] [14656] [INFO] - main.gateway_query (main.py:65) - {'offset': 0, 'limit': 10}
[2022-11-15 21:00:06,430] [14656] [INFO] - main.gateway_query (main.py:65) - {'offset': 0, 'limit': 10}
[2022-11-15 21:00:06,529] [14656] [DEBUG] - db_session.select (db_session.py:107) - select id,service_name,host,date_format(create_time,'%Y-%m-%d %T') as create_time,date_format(update_time,'%Y-%m-%d %T') as update_time from gateway_mapping where  1 = 1 and  delete_time is null limit 0,10
[2022-11-15 21:00:06,570] [14656] [DEBUG] - db_session.select (db_session.py:107) - select id,service_name,host,date_format(create_time,'%Y-%m-%d %T') as create_time,date_format(update_time,'%Y-%m-%d %T') as update_time from gateway_mapping where  1 = 1 and  delete_time is null limit 0,10
[2022-11-15 21:00:09,609] [14656] [INFO] - main.gateway_query (main.py:65) - {'offset': 0, 'limit': 10}
[2022-11-15 21:00:09,612] [14656] [INFO] - main.gateway_query (main.py:65) - {'offset': 0, 'limit': 10}
[2022-11-15 21:00:09,628] [14656] [DEBUG] - db_session.select (db_session.py:107) - select id,service_name,host,date_format(create_time,'%Y-%m-%d %T') as create_time,date_format(update_time,'%Y-%m-%d %T') as update_time from gateway_mapping where  1 = 1 and  delete_time is null limit 0,10
[2022-11-15 21:00:09,644] [14656] [DEBUG] - db_session.select (db_session.py:107) - select id,service_name,host,date_format(create_time,'%Y-%m-%d %T') as create_time,date_format(update_time,'%Y-%m-%d %T') as update_time from gateway_mapping where  1 = 1 and  delete_time is null limit 0,10
[2022-11-15 21:00:14,584] [14656] [INFO] - main.gateway_query (main.py:65) - {'offset': 0, 'limit': 10}
[2022-11-15 21:00:14,586] [14656] [INFO] - main.gateway_query (main.py:65) - {'offset': 0, 'limit': 10}
[2022-11-15 21:00:14,597] [14656] [DEBUG] - db_session.select (db_session.py:107) - select id,service_name,host,date_format(create_time,'%Y-%m-%d %T') as create_time,date_format(update_time,'%Y-%m-%d %T') as update_time from gateway_mapping where  1 = 1 and  delete_time is null limit 0,10
[2022-11-15 21:00:14,622] [14656] [DEBUG] - db_session.select (db_session.py:107) - select id,service_name,host,date_format(create_time,'%Y-%m-%d %T') as create_time,date_format(update_time,'%Y-%m-%d %T') as update_time from gateway_mapping where  1 = 1 and  delete_time is null limit 0,10
[2022-11-15 21:00:23,039] [14656] [INFO] - main.gateway_query (main.py:65) - {'offset': 0, 'limit': 10}
[2022-11-15 21:00:23,040] [14656] [INFO] - main.gateway_query (main.py:65) - {'offset': 0, 'limit': 10}
[2022-11-15 21:00:23,045] [14656] [DEBUG] - db_session.select (db_session.py:107) - select id,service_name,host,date_format(create_time,'%Y-%m-%d %T') as create_time,date_format(update_time,'%Y-%m-%d %T') as update_time from gateway_mapping where  1 = 1 and  delete_time is null limit 0,10
[2022-11-15 21:00:23,107] [14656] [DEBUG] - db_session.select (db_session.py:107) - select id,service_name,host,date_format(create_time,'%Y-%m-%d %T') as create_time,date_format(update_time,'%Y-%m-%d %T') as update_time from gateway_mapping where  1 = 1 and  delete_time is null limit 0,10
[2022-11-15 21:01:04,252] [14656] [INFO] - main.gateway_query (main.py:65) - {'offset': 0, 'limit': 10}
[2022-11-15 21:01:04,258] [14656] [INFO] - main.gateway_query (main.py:65) - {'offset': 0, 'limit': 10}
[2022-11-15 21:01:04,261] [14656] [DEBUG] - db_session.select (db_session.py:107) - select id,service_name,host,date_format(create_time,'%Y-%m-%d %T') as create_time,date_format(update_time,'%Y-%m-%d %T') as update_time from gateway_mapping where  1 = 1 and  delete_time is null limit 0,10
[2022-11-15 21:01:04,269] [14656] [DEBUG] - db_session.select (db_session.py:107) - select id,service_name,host,date_format(create_time,'%Y-%m-%d %T') as create_time,date_format(update_time,'%Y-%m-%d %T') as update_time from gateway_mapping where  1 = 1 and  delete_time is null limit 0,10
[2022-11-15 21:01:05,528] [14656] [INFO] - main.gateway_query (main.py:65) - {'offset': 0, 'limit': 10}
[2022-11-15 21:01:05,531] [14656] [INFO] - main.gateway_query (main.py:65) - {'offset': 0, 'limit': 10}
[2022-11-15 21:01:05,540] [14656] [DEBUG] - db_session.select (db_session.py:107) - select id,service_name,host,date_format(create_time,'%Y-%m-%d %T') as create_time,date_format(update_time,'%Y-%m-%d %T') as update_time from gateway_mapping where  1 = 1 and  delete_time is null limit 0,10
[2022-11-15 21:01:05,550] [14656] [DEBUG] - db_session.select (db_session.py:107) - select id,service_name,host,date_format(create_time,'%Y-%m-%d %T') as create_time,date_format(update_time,'%Y-%m-%d %T') as update_time from gateway_mapping where  1 = 1 and  delete_time is null limit 0,10
[2022-11-15 21:01:06,306] [14656] [INFO] - main.gateway_query (main.py:65) - {'offset': 0, 'limit': 10}
[2022-11-15 21:01:06,309] [14656] [INFO] - main.gateway_query (main.py:65) - {'offset': 0, 'limit': 10}
[2022-11-15 21:01:06,312] [14656] [DEBUG] - db_session.select (db_session.py:107) - select id,service_name,host,date_format(create_time,'%Y-%m-%d %T') as create_time,date_format(update_time,'%Y-%m-%d %T') as update_time from gateway_mapping where  1 = 1 and  delete_time is null limit 0,10
[2022-11-15 21:01:06,315] [14656] [DEBUG] - db_session.select (db_session.py:107) - select id,service_name,host,date_format(create_time,'%Y-%m-%d %T') as create_time,date_format(update_time,'%Y-%m-%d %T') as update_time from gateway_mapping where  1 = 1 and  delete_time is null limit 0,10
[2022-11-15 21:01:07,971] [14656] [INFO] - main.gateway_query (main.py:65) - {'offset': 0, 'limit': 10}
[2022-11-15 21:01:07,974] [14656] [INFO] - main.gateway_query (main.py:65) - {'offset': 0, 'limit': 10}
[2022-11-15 21:01:07,976] [14656] [DEBUG] - db_session.select (db_session.py:107) - select id,service_name,host,date_format(create_time,'%Y-%m-%d %T') as create_time,date_format(update_time,'%Y-%m-%d %T') as update_time from gateway_mapping where  1 = 1 and  delete_time is null limit 0,10
[2022-11-15 21:01:07,980] [14656] [DEBUG] - db_session.select (db_session.py:107) - select id,service_name,host,date_format(create_time,'%Y-%m-%d %T') as create_time,date_format(update_time,'%Y-%m-%d %T') as update_time from gateway_mapping where  1 = 1 and  delete_time is null limit 0,10
[2022-11-15 21:01:35,135] [14656] [INFO] - main.gateway_query (main.py:65) - {'offset': 0, 'limit': 10}
[2022-11-15 21:01:35,137] [14656] [INFO] - main.gateway_query (main.py:65) - {'offset': 0, 'limit': 10}
[2022-11-15 21:01:35,140] [14656] [DEBUG] - db_session.select (db_session.py:107) - select id,service_name,host,date_format(create_time,'%Y-%m-%d %T') as create_time,date_format(update_time,'%Y-%m-%d %T') as update_time from gateway_mapping where  1 = 1 and  delete_time is null limit 0,10
[2022-11-15 21:01:35,175] [14656] [DEBUG] - db_session.select (db_session.py:107) - select id,service_name,host,date_format(create_time,'%Y-%m-%d %T') as create_time,date_format(update_time,'%Y-%m-%d %T') as update_time from gateway_mapping where  1 = 1 and  delete_time is null limit 0,10
[2022-11-15 21:01:36,267] [14656] [INFO] - main.gateway_query (main.py:65) - {'offset': 0, 'limit': 10}
[2022-11-15 21:01:36,269] [14656] [INFO] - main.gateway_query (main.py:65) - {'offset': 0, 'limit': 10}
[2022-11-15 21:01:36,284] [14656] [DEBUG] - db_session.select (db_session.py:107) - select id,service_name,host,date_format(create_time,'%Y-%m-%d %T') as create_time,date_format(update_time,'%Y-%m-%d %T') as update_time from gateway_mapping where  1 = 1 and  delete_time is null limit 0,10
[2022-11-15 21:01:36,285] [14656] [DEBUG] - db_session.select (db_session.py:107) - select id,service_name,host,date_format(create_time,'%Y-%m-%d %T') as create_time,date_format(update_time,'%Y-%m-%d %T') as update_time from gateway_mapping where  1 = 1 and  delete_time is null limit 0,10
[2022-11-15 21:01:37,179] [14656] [INFO] - main.gateway_query (main.py:65) - {'offset': 0, 'limit': 10}
[2022-11-15 21:01:37,182] [14656] [DEBUG] - db_session.select (db_session.py:107) - select id,service_name,host,date_format(create_time,'%Y-%m-%d %T') as create_time,date_format(update_time,'%Y-%m-%d %T') as update_time from gateway_mapping where  1 = 1 and  delete_time is null limit 0,10
[2022-11-15 21:01:37,187] [14656] [INFO] - main.gateway_query (main.py:65) - {'offset': 0, 'limit': 10}
[2022-11-15 21:01:37,190] [14656] [DEBUG] - db_session.select (db_session.py:107) - select id,service_name,host,date_format(create_time,'%Y-%m-%d %T') as create_time,date_format(update_time,'%Y-%m-%d %T') as update_time from gateway_mapping where  1 = 1 and  delete_time is null limit 0,10
[2022-11-15 21:05:09,130] [14656] [INFO] - main.gateway_query (main.py:65) - {'offset': 0, 'limit': 10}
[2022-11-15 21:05:09,134] [14656] [INFO] - main.gateway_query (main.py:65) - {'offset': 0, 'limit': 10}
[2022-11-15 21:05:09,184] [14656] [DEBUG] - db_session.select (db_session.py:107) - select id,service_name,host,date_format(create_time,'%Y-%m-%d %T') as create_time,date_format(update_time,'%Y-%m-%d %T') as update_time from gateway_mapping where  1 = 1 and  delete_time is null limit 0,10
[2022-11-15 21:05:09,200] [14656] [DEBUG] - db_session.select (db_session.py:107) - select id,service_name,host,date_format(create_time,'%Y-%m-%d %T') as create_time,date_format(update_time,'%Y-%m-%d %T') as update_time from gateway_mapping where  1 = 1 and  delete_time is null limit 0,10
[2022-11-15 21:09:55,028] [14656] [INFO] - main.gateway_query (main.py:65) - {'offset': 0, 'limit': 10}
[2022-11-15 21:09:55,033] [14656] [INFO] - main.gateway_query (main.py:65) - {'offset': 0, 'limit': 10}
[2022-11-15 21:09:55,098] [14656] [DEBUG] - db_session.select (db_session.py:107) - select id,service_name,host,date_format(create_time,'%Y-%m-%d %T') as create_time,date_format(update_time,'%Y-%m-%d %T') as update_time from gateway_mapping where  1 = 1 and  delete_time is null limit 0,10
[2022-11-15 21:09:55,099] [14656] [DEBUG] - db_session.select (db_session.py:107) - select id,service_name,host,date_format(create_time,'%Y-%m-%d %T') as create_time,date_format(update_time,'%Y-%m-%d %T') as update_time from gateway_mapping where  1 = 1 and  delete_time is null limit 0,10
[2022-11-15 21:10:45,632] [14656] [INFO] - main.gateway_query (main.py:65) - {'offset': 0, 'limit': 10}
[2022-11-15 21:10:45,634] [14656] [INFO] - main.gateway_query (main.py:65) - {'offset': 0, 'limit': 10}
[2022-11-15 21:10:45,637] [14656] [DEBUG] - db_session.select (db_session.py:107) - select id,service_name,host,date_format(create_time,'%Y-%m-%d %T') as create_time,date_format(update_time,'%Y-%m-%d %T') as update_time from gateway_mapping where  1 = 1 and  delete_time is null limit 0,10
[2022-11-15 21:10:45,640] [14656] [DEBUG] - db_session.select (db_session.py:107) - select id,service_name,host,date_format(create_time,'%Y-%m-%d %T') as create_time,date_format(update_time,'%Y-%m-%d %T') as update_time from gateway_mapping where  1 = 1 and  delete_time is null limit 0,10
[2022-11-15 21:15:19,523] [14656] [INFO] - main.gateway_query (main.py:65) - {'offset': 0, 'limit': 10}
[2022-11-15 21:15:19,529] [14656] [INFO] - main.gateway_query (main.py:65) - {'offset': 0, 'limit': 10}
[2022-11-15 21:15:19,561] [14656] [DEBUG] - db_session.select (db_session.py:107) - select id,service_name,host,date_format(create_time,'%Y-%m-%d %T') as create_time,date_format(update_time,'%Y-%m-%d %T') as update_time from gateway_mapping where  1 = 1 and  delete_time is null limit 0,10
[2022-11-15 21:15:19,585] [14656] [DEBUG] - db_session.select (db_session.py:107) - select id,service_name,host,date_format(create_time,'%Y-%m-%d %T') as create_time,date_format(update_time,'%Y-%m-%d %T') as update_time from gateway_mapping where  1 = 1 and  delete_time is null limit 0,10
[2022-11-15 21:15:21,013] [14656] [INFO] - main.gateway_query (main.py:65) - {'offset': 0, 'limit': 10}
[2022-11-15 21:15:21,015] [14656] [INFO] - main.gateway_query (main.py:65) - {'offset': 0, 'limit': 10}
[2022-11-15 21:15:21,019] [14656] [DEBUG] - db_session.select (db_session.py:107) - select id,service_name,host,date_format(create_time,'%Y-%m-%d %T') as create_time,date_format(update_time,'%Y-%m-%d %T') as update_time from gateway_mapping where  1 = 1 and  delete_time is null limit 0,10
[2022-11-15 21:15:21,022] [14656] [DEBUG] - db_session.select (db_session.py:107) - select id,service_name,host,date_format(create_time,'%Y-%m-%d %T') as create_time,date_format(update_time,'%Y-%m-%d %T') as update_time from gateway_mapping where  1 = 1 and  delete_time is null limit 0,10
[2022-11-15 21:15:22,661] [14656] [INFO] - main.gateway_query (main.py:65) - {'offset': 0, 'limit': 10}
[2022-11-15 21:15:22,663] [14656] [INFO] - main.gateway_query (main.py:65) - {'offset': 0, 'limit': 10}
[2022-11-15 21:15:22,685] [14656] [DEBUG] - db_session.select (db_session.py:107) - select id,service_name,host,date_format(create_time,'%Y-%m-%d %T') as create_time,date_format(update_time,'%Y-%m-%d %T') as update_time from gateway_mapping where  1 = 1 and  delete_time is null limit 0,10
[2022-11-15 21:15:22,689] [14656] [DEBUG] - db_session.select (db_session.py:107) - select id,service_name,host,date_format(create_time,'%Y-%m-%d %T') as create_time,date_format(update_time,'%Y-%m-%d %T') as update_time from gateway_mapping where  1 = 1 and  delete_time is null limit 0,10
[2022-11-15 21:15:24,700] [14656] [INFO] - main.gateway_query (main.py:65) - {'offset': 0, 'limit': 10}
[2022-11-15 21:15:24,702] [14656] [INFO] - main.gateway_query (main.py:65) - {'offset': 0, 'limit': 10}
[2022-11-15 21:15:24,707] [14656] [DEBUG] - db_session.select (db_session.py:107) - select id,service_name,host,date_format(create_time,'%Y-%m-%d %T') as create_time,date_format(update_time,'%Y-%m-%d %T') as update_time from gateway_mapping where  1 = 1 and  delete_time is null limit 0,10
[2022-11-15 21:15:24,708] [14656] [DEBUG] - db_session.select (db_session.py:107) - select id,service_name,host,date_format(create_time,'%Y-%m-%d %T') as create_time,date_format(update_time,'%Y-%m-%d %T') as update_time from gateway_mapping where  1 = 1 and  delete_time is null limit 0,10
[2022-11-15 21:15:58,868] [14656] [INFO] - main.gateway_query (main.py:65) - {'offset': 0, 'limit': 10}
[2022-11-15 21:15:58,870] [14656] [INFO] - main.gateway_query (main.py:65) - {'offset': 0, 'limit': 10}
[2022-11-15 21:15:58,874] [14656] [DEBUG] - db_session.select (db_session.py:107) - select id,service_name,host,date_format(create_time,'%Y-%m-%d %T') as create_time,date_format(update_time,'%Y-%m-%d %T') as update_time from gateway_mapping where  1 = 1 and  delete_time is null limit 0,10
[2022-11-15 21:15:58,877] [14656] [DEBUG] - db_session.select (db_session.py:107) - select id,service_name,host,date_format(create_time,'%Y-%m-%d %T') as create_time,date_format(update_time,'%Y-%m-%d %T') as update_time from gateway_mapping where  1 = 1 and  delete_time is null limit 0,10
[2022-11-15 21:16:01,472] [14656] [INFO] - main.gateway_query (main.py:65) - {'offset': 0, 'limit': 10}
[2022-11-15 21:16:01,474] [14656] [INFO] - main.gateway_query (main.py:65) - {'offset': 0, 'limit': 10}
[2022-11-15 21:16:01,477] [14656] [DEBUG] - db_session.select (db_session.py:107) - select id,service_name,host,date_format(create_time,'%Y-%m-%d %T') as create_time,date_format(update_time,'%Y-%m-%d %T') as update_time from gateway_mapping where  1 = 1 and  delete_time is null limit 0,10
[2022-11-15 21:16:01,480] [14656] [DEBUG] - db_session.select (db_session.py:107) - select id,service_name,host,date_format(create_time,'%Y-%m-%d %T') as create_time,date_format(update_time,'%Y-%m-%d %T') as update_time from gateway_mapping where  1 = 1 and  delete_time is null limit 0,10
[2022-11-15 21:16:03,034] [14656] [INFO] - main.gateway_query (main.py:65) - {'offset': 0, 'limit': 10}
[2022-11-15 21:16:03,037] [14656] [DEBUG] - db_session.select (db_session.py:107) - select id,service_name,host,date_format(create_time,'%Y-%m-%d %T') as create_time,date_format(update_time,'%Y-%m-%d %T') as update_time from gateway_mapping where  1 = 1 and  delete_time is null limit 0,10
[2022-11-15 21:16:03,039] [14656] [INFO] - main.gateway_query (main.py:65) - {'offset': 0, 'limit': 10}
[2022-11-15 21:16:03,043] [14656] [DEBUG] - db_session.select (db_session.py:107) - select id,service_name,host,date_format(create_time,'%Y-%m-%d %T') as create_time,date_format(update_time,'%Y-%m-%d %T') as update_time from gateway_mapping where  1 = 1 and  delete_time is null limit 0,10
[2022-11-15 21:16:47,921] [14656] [INFO] - main.gateway_query (main.py:65) - {'offset': 0, 'limit': 10}
[2022-11-15 21:16:47,923] [14656] [INFO] - main.gateway_query (main.py:65) - {'offset': 0, 'limit': 10}
[2022-11-15 21:16:47,941] [14656] [DEBUG] - db_session.select (db_session.py:107) - select id,service_name,host,date_format(create_time,'%Y-%m-%d %T') as create_time,date_format(update_time,'%Y-%m-%d %T') as update_time from gateway_mapping where  1 = 1 and  delete_time is null limit 0,10
[2022-11-15 21:16:47,956] [14656] [DEBUG] - db_session.select (db_session.py:107) - select id,service_name,host,date_format(create_time,'%Y-%m-%d %T') as create_time,date_format(update_time,'%Y-%m-%d %T') as update_time from gateway_mapping where  1 = 1 and  delete_time is null limit 0,10
[2022-11-15 21:16:51,128] [14656] [INFO] - main.gateway_query (main.py:65) - {'offset': 0, 'limit': 10}
[2022-11-15 21:16:51,130] [14656] [INFO] - main.gateway_query (main.py:65) - {'offset': 0, 'limit': 10}
[2022-11-15 21:16:51,133] [14656] [DEBUG] - db_session.select (db_session.py:107) - select id,service_name,host,date_format(create_time,'%Y-%m-%d %T') as create_time,date_format(update_time,'%Y-%m-%d %T') as update_time from gateway_mapping where  1 = 1 and  delete_time is null limit 0,10
[2022-11-15 21:16:51,226] [14656] [DEBUG] - db_session.select (db_session.py:107) - select id,service_name,host,date_format(create_time,'%Y-%m-%d %T') as create_time,date_format(update_time,'%Y-%m-%d %T') as update_time from gateway_mapping where  1 = 1 and  delete_time is null limit 0,10
[2022-11-15 21:18:48,979] [14656] [INFO] - main.gateway_query (main.py:65) - {'offset': 0, 'limit': 10}
[2022-11-15 21:18:48,982] [14656] [INFO] - main.gateway_query (main.py:65) - {'offset': 0, 'limit': 10}
[2022-11-15 21:18:48,985] [14656] [DEBUG] - db_session.select (db_session.py:107) - select id,service_name,host,date_format(create_time,'%Y-%m-%d %T') as create_time,date_format(update_time,'%Y-%m-%d %T') as update_time from gateway_mapping where  1 = 1 and  delete_time is null limit 0,10
[2022-11-15 21:18:48,986] [14656] [DEBUG] - db_session.select (db_session.py:107) - select id,service_name,host,date_format(create_time,'%Y-%m-%d %T') as create_time,date_format(update_time,'%Y-%m-%d %T') as update_time from gateway_mapping where  1 = 1 and  delete_time is null limit 0,10
[2022-11-15 21:18:50,055] [14656] [INFO] - main.gateway_query (main.py:65) - {'offset': 0, 'limit': 10}
[2022-11-15 21:18:50,058] [14656] [INFO] - main.gateway_query (main.py:65) - {'offset': 0, 'limit': 10}
[2022-11-15 21:18:50,062] [14656] [DEBUG] - db_session.select (db_session.py:107) - select id,service_name,host,date_format(create_time,'%Y-%m-%d %T') as create_time,date_format(update_time,'%Y-%m-%d %T') as update_time from gateway_mapping where  1 = 1 and  delete_time is null limit 0,10
[2022-11-15 21:18:50,077] [14656] [DEBUG] - db_session.select (db_session.py:107) - select id,service_name,host,date_format(create_time,'%Y-%m-%d %T') as create_time,date_format(update_time,'%Y-%m-%d %T') as update_time from gateway_mapping where  1 = 1 and  delete_time is null limit 0,10
[2022-11-15 21:19:11,369] [14656] [INFO] - main.gateway_query (main.py:65) - {'offset': 0, 'limit': 10}
[2022-11-15 21:19:11,371] [14656] [INFO] - main.gateway_query (main.py:65) - {'offset': 0, 'limit': 10}
[2022-11-15 21:19:11,376] [14656] [DEBUG] - db_session.select (db_session.py:107) - select id,service_name,host,date_format(create_time,'%Y-%m-%d %T') as create_time,date_format(update_time,'%Y-%m-%d %T') as update_time from gateway_mapping where  1 = 1 and  delete_time is null limit 0,10
[2022-11-15 21:19:11,380] [14656] [DEBUG] - db_session.select (db_session.py:107) - select id,service_name,host,date_format(create_time,'%Y-%m-%d %T') as create_time,date_format(update_time,'%Y-%m-%d %T') as update_time from gateway_mapping where  1 = 1 and  delete_time is null limit 0,10
