[2022-11-16 14:00:42,921] [22516] [DEBUG] - db_session.select (db_session.py:107) - select black_list from gateway_mapping where service_name = 'test22' and 1 = 1 and  delete_time is null limit 0,10
[2022-11-16 14:00:43,000] [22516] [DEBUG] - db_session.select (db_session.py:107) - select host from gateway_mapping where service_name = 'test22' and 1 = 1 and  delete_time is null limit 0,10
[2022-11-16 14:00:43,024] [22516] [DEBUG] - db_session.select (db_session.py:107) - select black_list from gateway_mapping where service_name = 'index' and 1 = 1 and  delete_time is null limit 0,10
[2022-11-16 14:00:43,073] [22516] [DEBUG] - db_session.select (db_session.py:107) - select host from gateway_mapping where service_name = 'index' and 1 = 1 and  delete_time is null limit 0,10
[2022-11-16 14:03:50,248] [10416] [DEBUG] - db_session.select (db_session.py:107) - select black_list from gateway_mapping where service_name = 'test22' and 1 = 1 and  delete_time is null limit 0,10
[2022-11-16 14:03:50,261] [10416] [DEBUG] - db_session.select (db_session.py:107) - select host from gateway_mapping where service_name = 'test22' and 1 = 1 and  delete_time is null limit 0,10
[2022-11-16 14:03:50,297] [10416] [DEBUG] - db_session.select (db_session.py:107) - select black_list from gateway_mapping where service_name = 'index' and 1 = 1 and  delete_time is null limit 0,10
[2022-11-16 14:03:50,373] [10416] [DEBUG] - db_session.select (db_session.py:107) - select host from gateway_mapping where service_name = 'index' and 1 = 1 and  delete_time is null limit 0,10
[2022-11-16 14:05:12,330] [10416] [DEBUG] - db_session.select (db_session.py:107) - select black_list from gateway_mapping where service_name = 'test23' and 1 = 1 and  delete_time is null limit 0,10
[2022-11-16 14:05:12,352] [10416] [DEBUG] - db_session.select (db_session.py:107) - select host from gateway_mapping where service_name = 'test23' and 1 = 1 and  delete_time is null limit 0,10
[2022-11-16 14:05:38,259] [10216] [DEBUG] - db_session.select (db_session.py:107) - select black_list from gateway_mapping where service_name = 'test23' and 1 = 1 and  delete_time is null limit 0,10
[2022-11-16 14:05:38,263] [10216] [DEBUG] - db_session.select (db_session.py:107) - select host from gateway_mapping where service_name = 'test23' and 1 = 1 and  delete_time is null limit 0,10
[2022-11-16 14:05:52,529] [10216] [INFO] - main.gateway_update (main.py:95) - {'service_name': 'test23', 'host': '127.0.0.2:8080', 'id': 1, 'updated_at': '2022-11-16 13:50:13'}
[2022-11-16 14:05:52,541] [10216] [DEBUG] - db_session.update (db_session.py:71) - update gateway_mapping set service_name='test23',host='127.0.0.2:8080' where id=1
[2022-11-16 14:05:58,267] [10216] [DEBUG] - db_session.select (db_session.py:107) - select black_list from gateway_mapping where service_name = 'test23' and 1 = 1 and  delete_time is null limit 0,10
[2022-11-16 14:05:58,336] [10216] [DEBUG] - db_session.select (db_session.py:107) - select host from gateway_mapping where service_name = 'test23' and 1 = 1 and  delete_time is null limit 0,10
[2022-11-16 14:05:58,358] [10216] [DEBUG] - db_session.select (db_session.py:107) - select black_list from gateway_mapping where service_name = 'index' and 1 = 1 and  delete_time is null limit 0,10
[2022-11-16 14:05:58,373] [10216] [DEBUG] - db_session.select (db_session.py:107) - select host from gateway_mapping where service_name = 'index' and 1 = 1 and  delete_time is null limit 0,10
[2022-11-16 14:06:22,017] [8312] [DEBUG] - db_session.select (db_session.py:107) - select black_list from gateway_mapping where service_name = 'test23' and 1 = 1 and  delete_time is null limit 0,10
[2022-11-16 14:06:22,025] [8312] [DEBUG] - db_session.select (db_session.py:107) - select host from gateway_mapping where service_name = 'test23' and 1 = 1 and  delete_time is null limit 0,10
[2022-11-16 14:06:22,049] [8312] [DEBUG] - db_session.select (db_session.py:107) - select black_list from gateway_mapping where service_name = 'index' and 1 = 1 and  delete_time is null limit 0,10
[2022-11-16 14:06:22,060] [8312] [DEBUG] - db_session.select (db_session.py:107) - select host from gateway_mapping where service_name = 'index' and 1 = 1 and  delete_time is null limit 0,10
[2022-11-16 14:06:43,905] [8312] [INFO] - main.gateway_update (main.py:95) - {'host': '192.168.1.1:8080', 'id': 1, 'updated_at': '2022-11-16 14:05:52'}
[2022-11-16 14:06:44,862] [8312] [DEBUG] - db_session.update (db_session.py:71) - update gateway_mapping set host='192.168.1.1:8080' where id=1
[2022-11-16 14:06:50,215] [8312] [DEBUG] - db_session.select (db_session.py:107) - select black_list from gateway_mapping where service_name = 'test23' and 1 = 1 and  delete_time is null limit 0,10
[2022-11-16 14:06:50,233] [8312] [DEBUG] - db_session.select (db_session.py:107) - select host from gateway_mapping where service_name = 'test23' and 1 = 1 and  delete_time is null limit 0,10
[2022-11-16 14:07:05,615] [5196] [DEBUG] - db_session.select (db_session.py:107) - select black_list from gateway_mapping where service_name = 'test23' and 1 = 1 and  delete_time is null limit 0,10
[2022-11-16 14:07:05,621] [5196] [DEBUG] - db_session.select (db_session.py:107) - select host from gateway_mapping where service_name = 'test23' and 1 = 1 and  delete_time is null limit 0,10
[2022-11-16 14:08:19,103] [5168] [DEBUG] - db_session.select (db_session.py:107) - select black_list from gateway_mapping where service_name = 'test23' and 1 = 1 and  delete_time is null limit 0,10
[2022-11-16 14:08:19,108] [5168] [DEBUG] - db_session.select (db_session.py:107) - select host from gateway_mapping where service_name = 'test23' and 1 = 1 and  delete_time is null limit 0,10
[2022-11-16 14:11:25,227] [3832] [DEBUG] - db_session.select (db_session.py:107) - select black_list from gateway_mapping where service_name = 'test23' and 1 = 1 and  delete_time is null limit 0,10
[2022-11-16 14:11:25,250] [3832] [DEBUG] - db_session.select (db_session.py:107) - select host from gateway_mapping where service_name = 'test23' and 1 = 1 and  delete_time is null limit 0,10
[2022-11-16 14:12:21,603] [3832] [INFO] - main.gateway_update (main.py:98) - {'black_list': '["192.168.2.2", "192.168.2.120", "192.168.2.121","127.0.0.1"]', 'id': 1, 'updated_at': '2022-11-16 14:06:44'}
[2022-11-16 14:12:21,620] [3832] [DEBUG] - db_session.update (db_session.py:71) - update gateway_mapping set black_list='["192.168.2.2", "192.168.2.120", "192.168.2.121","127.0.0.1"]' where id=1
[2022-11-16 14:12:30,870] [3832] [DEBUG] - db_session.select (db_session.py:107) - select black_list from gateway_mapping where service_name = 'test23' and 1 = 1 and  delete_time is null limit 0,10
[2022-11-16 14:12:36,434] [3832] [DEBUG] - db_session.select (db_session.py:107) - select black_list from gateway_mapping where service_name = 'test23' and 1 = 1 and  delete_time is null limit 0,10
[2022-11-16 14:12:37,305] [3832] [DEBUG] - db_session.select (db_session.py:107) - select black_list from gateway_mapping where service_name = 'test23' and 1 = 1 and  delete_time is null limit 0,10
[2022-11-16 14:12:38,110] [3832] [DEBUG] - db_session.select (db_session.py:107) - select black_list from gateway_mapping where service_name = 'test23' and 1 = 1 and  delete_time is null limit 0,10
[2022-11-16 14:12:38,937] [3832] [DEBUG] - db_session.select (db_session.py:107) - select black_list from gateway_mapping where service_name = 'test23' and 1 = 1 and  delete_time is null limit 0,10
[2022-11-16 14:13:26,342] [7764] [INFO] - main.gateway_update (main.py:95) - {'host': '127.0.0.1:8080', 'id': 1, 'updated_at': '2022-11-16 14:12:21'}
[2022-11-16 14:13:26,361] [7764] [DEBUG] - db_session.update (db_session.py:71) - update gateway_mapping set host='127.0.0.1:8080' where id=1
[2022-11-16 14:13:31,815] [7764] [DEBUG] - db_session.select (db_session.py:107) - select black_list from gateway_mapping where service_name = 'test23' and 1 = 1 and  delete_time is null limit 0,10
[2022-11-16 14:13:41,005] [7764] [INFO] - main.gateway_update (main.py:95) - {'black_list': '["192.168.2.2", "192.168.2.120", "192.168.2.121"]', 'id': 1, 'updated_at': '2022-11-16 14:13:26'}
[2022-11-16 14:13:41,093] [7764] [DEBUG] - db_session.update (db_session.py:71) - update gateway_mapping set black_list='["192.168.2.2", "192.168.2.120", "192.168.2.121"]' where id=1
[2022-11-16 14:13:43,256] [7764] [DEBUG] - db_session.select (db_session.py:107) - select black_list from gateway_mapping where service_name = 'test23' and 1 = 1 and  delete_time is null limit 0,10
[2022-11-16 14:13:43,261] [7764] [DEBUG] - db_session.select (db_session.py:107) - select host from gateway_mapping where service_name = 'test23' and 1 = 1 and  delete_time is null limit 0,10
[2022-11-16 14:13:43,275] [7764] [DEBUG] - db_session.select (db_session.py:107) - select black_list from gateway_mapping where service_name = 'index' and 1 = 1 and  delete_time is null limit 0,10
[2022-11-16 14:13:43,280] [7764] [DEBUG] - db_session.select (db_session.py:107) - select host from gateway_mapping where service_name = 'index' and 1 = 1 and  delete_time is null limit 0,10
[2022-11-16 15:39:59,038] [21724] [INFO] - main.gateway_query (main.py:76) - {'offset': 0, 'limit': 10}
[2022-11-16 15:39:59,040] [21724] [INFO] - main.gateway_query (main.py:76) - {'offset': 0, 'limit': 10}
[2022-11-16 15:40:03,262] [21724] [DEBUG] - db_session.select (db_session.py:107) - select id,number,service_name,host,date_format(create_time,'%Y-%m-%d %T') as create_time,date_format(update_time,'%Y-%m-%d %T') as update_time,black_list from gateway_mapping where  1 = 1 and  delete_time is null limit 0,10
[2022-11-16 15:40:03,272] [21724] [DEBUG] - db_session.select (db_session.py:107) - select id,number,service_name,host,date_format(create_time,'%Y-%m-%d %T') as create_time,date_format(update_time,'%Y-%m-%d %T') as update_time,black_list from gateway_mapping where  1 = 1 and  delete_time is null limit 0,10
[2022-11-16 15:41:48,333] [21724] [INFO] - main.gateway_update (main.py:99) - {'number': '2', 'id': 1, 'updated_at': '2022-11-16 14:13:41'}
[2022-11-16 15:41:48,764] [21724] [DEBUG] - db_session.update (db_session.py:71) - update gateway_mapping set number='2' where id=1
[2022-11-16 15:41:58,943] [21724] [DEBUG] - db_session.select (db_session.py:107) - select black_list from gateway_mapping where service_name = 'test23' and 1 = 1 and  delete_time is null limit 0,10
[2022-11-16 16:01:24,055] [12984] [DEBUG] - db_session.select (db_session.py:107) - select service_name,number from gateway_mapping where  1 = 1 and  delete_time is null limit 0,10
[2022-11-16 16:04:22,109] [17820] [DEBUG] - db_session.select (db_session.py:107) - select service_name,number from gateway_mapping where  1 = 1 and  delete_time is null limit 0,10
[2022-11-16 16:04:31,139] [7396] [DEBUG] - db_session.select (db_session.py:107) - select service_name,number from gateway_mapping where  1 = 1 and  delete_time is null limit 0,10
[2022-11-16 16:17:05,786] [24800] [DEBUG] - db_session.select (db_session.py:107) - select service_name,number from gateway_mapping where  1 = 1 and  delete_time is null limit 0,10
[2022-11-16 16:17:23,051] [24800] [DEBUG] - db_session.select (db_session.py:107) - select black_list from gateway_mapping where service_name = 'test23' and 1 = 1 and  delete_time is null limit 0,10
[2022-11-16 16:18:05,930] [21424] [DEBUG] - db_session.select (db_session.py:107) - select service_name,number from gateway_mapping where  1 = 1 and  delete_time is null limit 0,10
[2022-11-16 16:18:12,434] [21424] [DEBUG] - db_session.select (db_session.py:107) - select black_list from gateway_mapping where service_name = 'test23' and 1 = 1 and  delete_time is null limit 0,10
[2022-11-16 16:20:47,396] [4392] [DEBUG] - db_session.select (db_session.py:107) - select service_name,number from gateway_mapping where  1 = 1 and  delete_time is null limit 0,10
[2022-11-16 16:20:50,094] [4392] [DEBUG] - db_session.select (db_session.py:107) - select black_list from gateway_mapping where service_name = 'test23' and 1 = 1 and  delete_time is null limit 0,10
[2022-11-16 16:21:15,174] [19952] [DEBUG] - db_session.select (db_session.py:107) - select service_name,number from gateway_mapping where  1 = 1 and  delete_time is null limit 0,10
[2022-11-16 16:21:17,650] [19952] [DEBUG] - db_session.select (db_session.py:107) - select black_list from gateway_mapping where service_name = 'test23' and 1 = 1 and  delete_time is null limit 0,10
[2022-11-16 16:21:17,701] [19952] [DEBUG] - db_session.select (db_session.py:107) - select host from gateway_mapping where service_name = 'test23' and 1 = 1 and  delete_time is null limit 0,10
[2022-11-16 16:21:17,748] [19952] [DEBUG] - db_session.select (db_session.py:107) - select black_list from gateway_mapping where service_name = 'index' and 1 = 1 and  delete_time is null limit 0,10
[2022-11-16 16:23:13,923] [12784] [DEBUG] - db_session.select (db_session.py:107) - select service_name,number from gateway_mapping where  1 = 1 and  delete_time is null limit 0,10
[2022-11-16 16:23:16,765] [12784] [DEBUG] - db_session.select (db_session.py:107) - select black_list from gateway_mapping where service_name = 'test23' and 1 = 1 and  delete_time is null limit 0,10
[2022-11-16 16:23:16,853] [12784] [DEBUG] - db_session.select (db_session.py:107) - select host from gateway_mapping where service_name = 'test23' and 1 = 1 and  delete_time is null limit 0,10
[2022-11-16 16:23:16,901] [12784] [DEBUG] - db_session.select (db_session.py:107) - select black_list from gateway_mapping where service_name = 'index' and 1 = 1 and  delete_time is null limit 0,10
[2022-11-16 16:24:12,007] [12784] [INFO] - main.gateway_update (main.py:99) - {'host': '192.168.6.1:8080', 'id': 1, 'updated_at': '2022-11-16 15:41:48'}
[2022-11-16 16:24:12,264] [12784] [DEBUG] - db_session.update (db_session.py:71) - update gateway_mapping set host='192.168.6.1:8080' where id=1
[2022-11-16 16:24:16,218] [12784] [DEBUG] - db_session.select (db_session.py:107) - select black_list from gateway_mapping where service_name = 'test23' and 1 = 1 and  delete_time is null limit 0,10
[2022-11-16 16:24:16,293] [12784] [DEBUG] - db_session.select (db_session.py:107) - select host from gateway_mapping where service_name = 'test23' and 1 = 1 and  delete_time is null limit 0,10
[2022-11-16 16:24:34,503] [3544] [DEBUG] - db_session.select (db_session.py:107) - select service_name,number from gateway_mapping where  1 = 1 and  delete_time is null limit 0,10
[2022-11-16 16:24:37,912] [3544] [DEBUG] - db_session.select (db_session.py:107) - select black_list from gateway_mapping where service_name = 'test23' and 1 = 1 and  delete_time is null limit 0,10
[2022-11-16 16:24:37,923] [3544] [DEBUG] - db_session.select (db_session.py:107) - select host from gateway_mapping where service_name = 'test23' and 1 = 1 and  delete_time is null limit 0,10
[2022-11-16 16:25:22,233] [3544] [DEBUG] - db_session.select (db_session.py:107) - select black_list from gateway_mapping where service_name = 'test23' and 1 = 1 and  delete_time is null limit 0,10
[2022-11-16 16:25:22,250] [3544] [DEBUG] - db_session.select (db_session.py:107) - select host from gateway_mapping where service_name = 'test23' and 1 = 1 and  delete_time is null limit 0,10
[2022-11-16 16:26:21,574] [3544] [DEBUG] - db_session.select (db_session.py:107) - select black_list from gateway_mapping where service_name = 'test23' and 1 = 1 and  delete_time is null limit 0,10
[2022-11-16 16:26:21,582] [3544] [DEBUG] - db_session.select (db_session.py:107) - select host from gateway_mapping where service_name = 'test23' and 1 = 1 and  delete_time is null limit 0,10
[2022-11-16 16:26:37,994] [3544] [DEBUG] - db_session.select (db_session.py:107) - select black_list from gateway_mapping where service_name = 'test23' and 1 = 1 and  delete_time is null limit 0,10
[2022-11-16 16:26:38,020] [3544] [DEBUG] - db_session.select (db_session.py:107) - select host from gateway_mapping where service_name = 'test23' and 1 = 1 and  delete_time is null limit 0,10
[2022-11-16 16:26:41,153] [3544] [DEBUG] - db_session.select (db_session.py:107) - select black_list from gateway_mapping where service_name = 'test23' and 1 = 1 and  delete_time is null limit 0,10
[2022-11-16 16:26:41,185] [3544] [DEBUG] - db_session.select (db_session.py:107) - select host from gateway_mapping where service_name = 'test23' and 1 = 1 and  delete_time is null limit 0,10
[2022-11-16 16:27:03,533] [3544] [DEBUG] - db_session.select (db_session.py:107) - select black_list from gateway_mapping where service_name = 'test23' and 1 = 1 and  delete_time is null limit 0,10
[2022-11-16 16:27:03,564] [3544] [DEBUG] - db_session.select (db_session.py:107) - select host from gateway_mapping where service_name = 'test23' and 1 = 1 and  delete_time is null limit 0,10
[2022-11-16 16:27:06,339] [3544] [DEBUG] - db_session.select (db_session.py:107) - select black_list from gateway_mapping where service_name = 'test23' and 1 = 1 and  delete_time is null limit 0,10
[2022-11-16 16:27:06,397] [3544] [DEBUG] - db_session.select (db_session.py:107) - select host from gateway_mapping where service_name = 'test23' and 1 = 1 and  delete_time is null limit 0,10
[2022-11-16 16:27:08,448] [3544] [DEBUG] - db_session.select (db_session.py:107) - select black_list from gateway_mapping where service_name = 'test23' and 1 = 1 and  delete_time is null limit 0,10
[2022-11-16 16:27:08,456] [3544] [DEBUG] - db_session.select (db_session.py:107) - select host from gateway_mapping where service_name = 'test23' and 1 = 1 and  delete_time is null limit 0,10
[2022-11-16 16:27:10,095] [3544] [DEBUG] - db_session.select (db_session.py:107) - select black_list from gateway_mapping where service_name = 'test23' and 1 = 1 and  delete_time is null limit 0,10
[2022-11-16 16:27:10,101] [3544] [DEBUG] - db_session.select (db_session.py:107) - select host from gateway_mapping where service_name = 'test23' and 1 = 1 and  delete_time is null limit 0,10
[2022-11-16 16:27:11,974] [3544] [DEBUG] - db_session.select (db_session.py:107) - select black_list from gateway_mapping where service_name = 'test23' and 1 = 1 and  delete_time is null limit 0,10
[2022-11-16 16:27:12,020] [3544] [DEBUG] - db_session.select (db_session.py:107) - select host from gateway_mapping where service_name = 'test23' and 1 = 1 and  delete_time is null limit 0,10
[2022-11-16 16:27:19,228] [3544] [DEBUG] - db_session.select (db_session.py:107) - select black_list from gateway_mapping where service_name = 'test23' and 1 = 1 and  delete_time is null limit 0,10
[2022-11-16 16:27:19,279] [3544] [DEBUG] - db_session.select (db_session.py:107) - select host from gateway_mapping where service_name = 'test23' and 1 = 1 and  delete_time is null limit 0,10
[2022-11-16 16:28:32,006] [10092] [DEBUG] - db_session.select (db_session.py:107) - select service_name,number from gateway_mapping where  1 = 1 and  delete_time is null limit 0,10
[2022-11-16 16:28:34,623] [10092] [DEBUG] - db_session.select (db_session.py:107) - select black_list from gateway_mapping where service_name = 'test23' and 1 = 1 and  delete_time is null limit 0,10
[2022-11-16 16:28:34,637] [10092] [DEBUG] - db_session.select (db_session.py:107) - select host from gateway_mapping where service_name = 'test23' and 1 = 1 and  delete_time is null limit 0,10
[2022-11-16 16:28:46,027] [10092] [DEBUG] - db_session.select (db_session.py:107) - select black_list from gateway_mapping where service_name = 'test23' and 1 = 1 and  delete_time is null limit 0,10
[2022-11-16 16:28:46,045] [10092] [DEBUG] - db_session.select (db_session.py:107) - select host from gateway_mapping where service_name = 'test23' and 1 = 1 and  delete_time is null limit 0,10
[2022-11-16 16:29:13,700] [10092] [DEBUG] - db_session.select (db_session.py:107) - select black_list from gateway_mapping where service_name = 'test23' and 1 = 1 and  delete_time is null limit 0,10
[2022-11-16 16:29:13,727] [10092] [DEBUG] - db_session.select (db_session.py:107) - select host from gateway_mapping where service_name = 'test23' and 1 = 1 and  delete_time is null limit 0,10
[2022-11-16 16:29:19,126] [1476] [DEBUG] - db_session.select (db_session.py:107) - select service_name,number from gateway_mapping where  1 = 1 and  delete_time is null limit 0,10
[2022-11-16 16:29:21,154] [1476] [DEBUG] - db_session.select (db_session.py:107) - select black_list from gateway_mapping where service_name = 'test23' and 1 = 1 and  delete_time is null limit 0,10
[2022-11-16 16:29:21,162] [1476] [DEBUG] - db_session.select (db_session.py:107) - select host from gateway_mapping where service_name = 'test23' and 1 = 1 and  delete_time is null limit 0,10
[2022-11-16 16:29:22,821] [1476] [DEBUG] - db_session.select (db_session.py:107) - select black_list from gateway_mapping where service_name = 'test23' and 1 = 1 and  delete_time is null limit 0,10
[2022-11-16 16:29:25,707] [1476] [DEBUG] - db_session.select (db_session.py:107) - select black_list from gateway_mapping where service_name = 'test23' and 1 = 1 and  delete_time is null limit 0,10
[2022-11-16 16:29:27,531] [1476] [DEBUG] - db_session.select (db_session.py:107) - select black_list from gateway_mapping where service_name = 'test23' and 1 = 1 and  delete_time is null limit 0,10
[2022-11-16 16:29:34,015] [1476] [DEBUG] - db_session.select (db_session.py:107) - select black_list from gateway_mapping where service_name = 'test23' and 1 = 1 and  delete_time is null limit 0,10
[2022-11-16 16:29:35,652] [1476] [DEBUG] - db_session.select (db_session.py:107) - select black_list from gateway_mapping where service_name = 'test23' and 1 = 1 and  delete_time is null limit 0,10
[2022-11-16 16:29:37,441] [1476] [DEBUG] - db_session.select (db_session.py:107) - select black_list from gateway_mapping where service_name = 'test23' and 1 = 1 and  delete_time is null limit 0,10
[2022-11-16 16:29:39,002] [1476] [DEBUG] - db_session.select (db_session.py:107) - select black_list from gateway_mapping where service_name = 'test23' and 1 = 1 and  delete_time is null limit 0,10
[2022-11-16 16:29:45,572] [1476] [DEBUG] - db_session.select (db_session.py:107) - select black_list from gateway_mapping where service_name = 'test23' and 1 = 1 and  delete_time is null limit 0,10
[2022-11-16 16:29:51,059] [14660] [DEBUG] - db_session.select (db_session.py:107) - select service_name,number from gateway_mapping where  1 = 1 and  delete_time is null limit 0,10
[2022-11-16 16:29:51,287] [14660] [DEBUG] - db_session.select (db_session.py:107) - select black_list from gateway_mapping where service_name = 'test23' and 1 = 1 and  delete_time is null limit 0,10
[2022-11-16 16:29:51,305] [14660] [DEBUG] - db_session.select (db_session.py:107) - select host from gateway_mapping where service_name = 'test23' and 1 = 1 and  delete_time is null limit 0,10
[2022-11-16 16:29:55,207] [14660] [DEBUG] - db_session.select (db_session.py:107) - select black_list from gateway_mapping where service_name = 'test23' and 1 = 1 and  delete_time is null limit 0,10
[2022-11-16 16:29:55,212] [14660] [DEBUG] - db_session.select (db_session.py:107) - select host from gateway_mapping where service_name = 'test23' and 1 = 1 and  delete_time is null limit 0,10
[2022-11-16 16:29:57,222] [14660] [DEBUG] - db_session.select (db_session.py:107) - select black_list from gateway_mapping where service_name = 'test23' and 1 = 1 and  delete_time is null limit 0,10
[2022-11-16 16:29:57,267] [14660] [DEBUG] - db_session.select (db_session.py:107) - select host from gateway_mapping where service_name = 'test23' and 1 = 1 and  delete_time is null limit 0,10
[2022-11-16 16:29:58,699] [14660] [DEBUG] - db_session.select (db_session.py:107) - select black_list from gateway_mapping where service_name = 'test23' and 1 = 1 and  delete_time is null limit 0,10
[2022-11-16 16:29:58,708] [14660] [DEBUG] - db_session.select (db_session.py:107) - select host from gateway_mapping where service_name = 'test23' and 1 = 1 and  delete_time is null limit 0,10
[2022-11-16 16:30:25,411] [7856] [DEBUG] - db_session.select (db_session.py:107) - select service_name,number from gateway_mapping where  1 = 1 and  delete_time is null limit 0,10
[2022-11-16 16:47:10,281] [13052] [DEBUG] - db_session.select (db_session.py:107) - select service_name,number from gateway_mapping where  1 = 1 and  delete_time is null limit 0,10
[2022-11-16 16:47:50,514] [13052] [INFO] - main.gateway_query (main.py:76) - {'offset': 0, 'limit': 10}
[2022-11-16 16:47:50,516] [13052] [INFO] - main.gateway_query (main.py:76) - {'offset': 0, 'limit': 10}
[2022-11-16 16:47:50,593] [13052] [DEBUG] - db_session.select (db_session.py:107) - select id,number,service_name,host,date_format(create_time,'%Y-%m-%d %T') as create_time,date_format(update_time,'%Y-%m-%d %T') as update_time,black_list from gateway_mapping where  1 = 1 and  delete_time is null limit 0,10
[2022-11-16 16:47:50,601] [13052] [DEBUG] - db_session.select (db_session.py:107) - select id,number,service_name,host,date_format(create_time,'%Y-%m-%d %T') as create_time,date_format(update_time,'%Y-%m-%d %T') as update_time,black_list from gateway_mapping where  1 = 1 and  delete_time is null limit 0,10
[2022-11-16 16:47:57,840] [13052] [INFO] - main.gateway_update (main.py:99) - {'number': '20', 'id': 1, 'updated_at': '2022-11-16 16:24:12'}
[2022-11-16 16:47:58,226] [13052] [DEBUG] - db_session.update (db_session.py:71) - update gateway_mapping set number='20' where id=1
[2022-11-16 16:48:18,641] [13052] [INFO] - main.gateway_update (main.py:99) - {'number': '200', 'id': 1, 'updated_at': '2022-11-16 16:47:58'}
[2022-11-16 16:48:18,691] [13052] [DEBUG] - db_session.update (db_session.py:71) - update gateway_mapping set number='200' where id=1
[2022-11-16 16:48:49,982] [13052] [INFO] - main.gateway_query (main.py:76) - {'offset': 0, 'limit': 10}
[2022-11-16 16:48:49,984] [13052] [INFO] - main.gateway_query (main.py:76) - {'offset': 0, 'limit': 10}
[2022-11-16 16:48:49,988] [13052] [DEBUG] - db_session.select (db_session.py:107) - select id,number,service_name,host,date_format(create_time,'%Y-%m-%d %T') as create_time,date_format(update_time,'%Y-%m-%d %T') as update_time,black_list from gateway_mapping where  1 = 1 and  delete_time is null limit 0,10
[2022-11-16 16:48:50,019] [13052] [DEBUG] - db_session.select (db_session.py:107) - select id,number,service_name,host,date_format(create_time,'%Y-%m-%d %T') as create_time,date_format(update_time,'%Y-%m-%d %T') as update_time,black_list from gateway_mapping where  1 = 1 and  delete_time is null limit 0,10
[2022-11-16 16:49:37,797] [13052] [INFO] - main.gateway_query (main.py:76) - {'offset': 0, 'limit': 10}
[2022-11-16 16:49:37,799] [13052] [INFO] - main.gateway_query (main.py:76) - {'offset': 0, 'limit': 10}
[2022-11-16 16:49:38,099] [13052] [DEBUG] - db_session.select (db_session.py:107) - select id,number,service_name,host,date_format(create_time,'%Y-%m-%d %T') as create_time,date_format(update_time,'%Y-%m-%d %T') as update_time,black_list from gateway_mapping where  1 = 1 and  delete_time is null limit 0,10
[2022-11-16 16:49:38,169] [13052] [DEBUG] - db_session.select (db_session.py:107) - select id,number,service_name,host,date_format(create_time,'%Y-%m-%d %T') as create_time,date_format(update_time,'%Y-%m-%d %T') as update_time,black_list from gateway_mapping where  1 = 1 and  delete_time is null limit 0,10
[2022-11-16 16:49:40,673] [13052] [INFO] - main.gateway_query (main.py:76) - {'offset': 0, 'limit': 10}
[2022-11-16 16:49:40,675] [13052] [INFO] - main.gateway_query (main.py:76) - {'offset': 0, 'limit': 10}
[2022-11-16 16:49:40,772] [13052] [DEBUG] - db_session.select (db_session.py:107) - select id,number,service_name,host,date_format(create_time,'%Y-%m-%d %T') as create_time,date_format(update_time,'%Y-%m-%d %T') as update_time,black_list from gateway_mapping where  1 = 1 and  delete_time is null limit 0,10
[2022-11-16 16:49:40,914] [13052] [DEBUG] - db_session.select (db_session.py:107) - select id,number,service_name,host,date_format(create_time,'%Y-%m-%d %T') as create_time,date_format(update_time,'%Y-%m-%d %T') as update_time,black_list from gateway_mapping where  1 = 1 and  delete_time is null limit 0,10
[2022-11-16 16:49:42,529] [13052] [INFO] - main.gateway_query (main.py:76) - {'offset': 0, 'limit': 10}
[2022-11-16 16:49:42,535] [13052] [DEBUG] - db_session.select (db_session.py:107) - select id,number,service_name,host,date_format(create_time,'%Y-%m-%d %T') as create_time,date_format(update_time,'%Y-%m-%d %T') as update_time,black_list from gateway_mapping where  1 = 1 and  delete_time is null limit 0,10
[2022-11-16 16:49:42,544] [13052] [INFO] - main.gateway_query (main.py:76) - {'offset': 0, 'limit': 10}
[2022-11-16 16:49:42,551] [13052] [DEBUG] - db_session.select (db_session.py:107) - select id,number,service_name,host,date_format(create_time,'%Y-%m-%d %T') as create_time,date_format(update_time,'%Y-%m-%d %T') as update_time,black_list from gateway_mapping where  1 = 1 and  delete_time is null limit 0,10
[2022-11-16 16:49:44,188] [13052] [INFO] - main.gateway_query (main.py:76) - {'offset': 0, 'limit': 10}
[2022-11-16 16:49:44,191] [13052] [INFO] - main.gateway_query (main.py:76) - {'offset': 0, 'limit': 10}
[2022-11-16 16:49:44,214] [13052] [DEBUG] - db_session.select (db_session.py:107) - select id,number,service_name,host,date_format(create_time,'%Y-%m-%d %T') as create_time,date_format(update_time,'%Y-%m-%d %T') as update_time,black_list from gateway_mapping where  1 = 1 and  delete_time is null limit 0,10
[2022-11-16 16:49:44,245] [13052] [DEBUG] - db_session.select (db_session.py:107) - select id,number,service_name,host,date_format(create_time,'%Y-%m-%d %T') as create_time,date_format(update_time,'%Y-%m-%d %T') as update_time,black_list from gateway_mapping where  1 = 1 and  delete_time is null limit 0,10
[2022-11-16 16:49:46,137] [13052] [INFO] - main.gateway_query (main.py:76) - {'offset': 0, 'limit': 10}
[2022-11-16 16:49:46,140] [13052] [INFO] - main.gateway_query (main.py:76) - {'offset': 0, 'limit': 10}
[2022-11-16 16:49:46,198] [13052] [DEBUG] - db_session.select (db_session.py:107) - select id,number,service_name,host,date_format(create_time,'%Y-%m-%d %T') as create_time,date_format(update_time,'%Y-%m-%d %T') as update_time,black_list from gateway_mapping where  1 = 1 and  delete_time is null limit 0,10
[2022-11-16 16:49:46,236] [13052] [DEBUG] - db_session.select (db_session.py:107) - select id,number,service_name,host,date_format(create_time,'%Y-%m-%d %T') as create_time,date_format(update_time,'%Y-%m-%d %T') as update_time,black_list from gateway_mapping where  1 = 1 and  delete_time is null limit 0,10
[2022-11-16 16:49:54,130] [13052] [INFO] - main.gateway_query (main.py:76) - {'offset': 0, 'limit': 10}
[2022-11-16 16:49:54,134] [13052] [INFO] - main.gateway_query (main.py:76) - {'offset': 0, 'limit': 10}
[2022-11-16 16:49:54,148] [13052] [DEBUG] - db_session.select (db_session.py:107) - select id,number,service_name,host,date_format(create_time,'%Y-%m-%d %T') as create_time,date_format(update_time,'%Y-%m-%d %T') as update_time,black_list from gateway_mapping where  1 = 1 and  delete_time is null limit 0,10
[2022-11-16 16:49:54,149] [13052] [DEBUG] - db_session.select (db_session.py:107) - select id,number,service_name,host,date_format(create_time,'%Y-%m-%d %T') as create_time,date_format(update_time,'%Y-%m-%d %T') as update_time,black_list from gateway_mapping where  1 = 1 and  delete_time is null limit 0,10
[2022-11-16 16:49:55,433] [13052] [INFO] - main.gateway_query (main.py:76) - {'offset': 0, 'limit': 10}
[2022-11-16 16:49:55,437] [13052] [INFO] - main.gateway_query (main.py:76) - {'offset': 0, 'limit': 10}
[2022-11-16 16:49:55,452] [13052] [DEBUG] - db_session.select (db_session.py:107) - select id,number,service_name,host,date_format(create_time,'%Y-%m-%d %T') as create_time,date_format(update_time,'%Y-%m-%d %T') as update_time,black_list from gateway_mapping where  1 = 1 and  delete_time is null limit 0,10
[2022-11-16 16:49:55,453] [13052] [DEBUG] - db_session.select (db_session.py:107) - select id,number,service_name,host,date_format(create_time,'%Y-%m-%d %T') as create_time,date_format(update_time,'%Y-%m-%d %T') as update_time,black_list from gateway_mapping where  1 = 1 and  delete_time is null limit 0,10
[2022-11-16 16:49:58,067] [13052] [INFO] - main.gateway_query (main.py:76) - {'offset': 0, 'limit': 10}
[2022-11-16 16:49:58,070] [13052] [INFO] - main.gateway_query (main.py:76) - {'offset': 0, 'limit': 10}
[2022-11-16 16:49:58,074] [13052] [DEBUG] - db_session.select (db_session.py:107) - select id,number,service_name,host,date_format(create_time,'%Y-%m-%d %T') as create_time,date_format(update_time,'%Y-%m-%d %T') as update_time,black_list from gateway_mapping where  1 = 1 and  delete_time is null limit 0,10
[2022-11-16 16:49:58,098] [13052] [DEBUG] - db_session.select (db_session.py:107) - select id,number,service_name,host,date_format(create_time,'%Y-%m-%d %T') as create_time,date_format(update_time,'%Y-%m-%d %T') as update_time,black_list from gateway_mapping where  1 = 1 and  delete_time is null limit 0,10
[2022-11-16 16:50:02,668] [13052] [INFO] - main.gateway_query (main.py:76) - {'offset': 0, 'limit': 10}
[2022-11-16 16:50:02,670] [13052] [INFO] - main.gateway_query (main.py:76) - {'offset': 0, 'limit': 10}
[2022-11-16 16:50:02,695] [13052] [DEBUG] - db_session.select (db_session.py:107) - select id,number,service_name,host,date_format(create_time,'%Y-%m-%d %T') as create_time,date_format(update_time,'%Y-%m-%d %T') as update_time,black_list from gateway_mapping where  1 = 1 and  delete_time is null limit 0,10
[2022-11-16 16:50:02,743] [13052] [DEBUG] - db_session.select (db_session.py:107) - select id,number,service_name,host,date_format(create_time,'%Y-%m-%d %T') as create_time,date_format(update_time,'%Y-%m-%d %T') as update_time,black_list from gateway_mapping where  1 = 1 and  delete_time is null limit 0,10
[2022-11-16 17:00:18,836] [13052] [INFO] - main.gateway_query (main.py:76) - {'offset': 0, 'limit': 10}
[2022-11-16 17:00:18,839] [13052] [INFO] - main.gateway_query (main.py:76) - {'offset': 0, 'limit': 10}
[2022-11-16 17:00:18,901] [13052] [DEBUG] - db_session.select (db_session.py:107) - select id,number,service_name,host,date_format(create_time,'%Y-%m-%d %T') as create_time,date_format(update_time,'%Y-%m-%d %T') as update_time,black_list from gateway_mapping where  1 = 1 and  delete_time is null limit 0,10
[2022-11-16 17:00:18,908] [13052] [DEBUG] - db_session.select (db_session.py:107) - select id,number,service_name,host,date_format(create_time,'%Y-%m-%d %T') as create_time,date_format(update_time,'%Y-%m-%d %T') as update_time,black_list from gateway_mapping where  1 = 1 and  delete_time is null limit 0,10
[2022-11-16 17:02:03,121] [13052] [INFO] - main.gateway_create (main.py:88) - {'service_name': 'a6', 'host': '127.0.0.2:8080'}
[2022-11-16 17:02:03,314] [13052] [DEBUG] - db_session.insert (db_session.py:45) - select id,service_name,host,date_format(create_time,'%Y-%m-%d %T') as create_time,date_format(update_time,'%Y-%m-%d %T') as update_time from gateway_mapping where id = 28
[2022-11-16 17:02:08,744] [13052] [INFO] - main.gateway_query (main.py:76) - {'offset': 0, 'limit': 10}
[2022-11-16 17:02:08,750] [13052] [INFO] - main.gateway_query (main.py:76) - {'offset': 0, 'limit': 10}
[2022-11-16 17:02:08,768] [13052] [DEBUG] - db_session.select (db_session.py:107) - select id,number,service_name,host,date_format(create_time,'%Y-%m-%d %T') as create_time,date_format(update_time,'%Y-%m-%d %T') as update_time,black_list from gateway_mapping where  1 = 1 and  delete_time is null limit 0,10
[2022-11-16 17:02:08,809] [13052] [DEBUG] - db_session.select (db_session.py:107) - select id,number,service_name,host,date_format(create_time,'%Y-%m-%d %T') as create_time,date_format(update_time,'%Y-%m-%d %T') as update_time,black_list from gateway_mapping where  1 = 1 and  delete_time is null limit 0,10
[2022-11-16 17:02:22,009] [13052] [INFO] - main.gateway_create (main.py:88) - {'service_name': 'a11', 'host': '127.0.0.2:8080'}
[2022-11-16 17:02:22,058] [13052] [DEBUG] - db_session.insert (db_session.py:45) - select id,service_name,host,date_format(create_time,'%Y-%m-%d %T') as create_time,date_format(update_time,'%Y-%m-%d %T') as update_time from gateway_mapping where id = 29
[2022-11-16 17:02:32,314] [13052] [INFO] - main.gateway_create (main.py:88) - {'service_name': 'test1', 'host': '192.168.23.5:2222'}
[2022-11-16 17:02:32,366] [13052] [DEBUG] - db_session.insert (db_session.py:45) - select id,service_name,host,date_format(create_time,'%Y-%m-%d %T') as create_time,date_format(update_time,'%Y-%m-%d %T') as update_time from gateway_mapping where id = 30
[2022-11-16 17:02:39,949] [13052] [INFO] - main.gateway_create (main.py:88) - {'service_name': 'a12', 'host': '192.168.23.5:2222'}
[2022-11-16 17:02:40,039] [13052] [DEBUG] - db_session.insert (db_session.py:45) - select id,service_name,host,date_format(create_time,'%Y-%m-%d %T') as create_time,date_format(update_time,'%Y-%m-%d %T') as update_time from gateway_mapping where id = 31
[2022-11-16 17:02:50,752] [13052] [INFO] - main.gateway_create (main.py:88) - {'service_name': 'a12', 'host': '192.168.23.5:2222'}
[2022-11-16 17:02:50,823] [13052] [DEBUG] - db_session.insert (db_session.py:45) - select id,service_name,host,date_format(create_time,'%Y-%m-%d %T') as create_time,date_format(update_time,'%Y-%m-%d %T') as update_time from gateway_mapping where id = 32
[2022-11-16 17:02:54,435] [13052] [INFO] - main.gateway_query (main.py:76) - {'offset': 0, 'limit': 10}
[2022-11-16 17:02:54,444] [13052] [INFO] - main.gateway_query (main.py:76) - {'offset': 0, 'limit': 10}
[2022-11-16 17:02:54,465] [13052] [DEBUG] - db_session.select (db_session.py:107) - select id,number,service_name,host,date_format(create_time,'%Y-%m-%d %T') as create_time,date_format(update_time,'%Y-%m-%d %T') as update_time,black_list from gateway_mapping where  1 = 1 and  delete_time is null limit 0,10
[2022-11-16 17:02:54,482] [13052] [DEBUG] - db_session.select (db_session.py:107) - select id,number,service_name,host,date_format(create_time,'%Y-%m-%d %T') as create_time,date_format(update_time,'%Y-%m-%d %T') as update_time,black_list from gateway_mapping where  1 = 1 and  delete_time is null limit 0,10
[2022-11-16 17:03:01,730] [13052] [INFO] - main.gateway_create (main.py:88) - {'service_name': 'a6', 'host': '192.168.23.5:2222'}
[2022-11-16 17:03:01,830] [13052] [DEBUG] - db_session.insert (db_session.py:45) - select id,service_name,host,date_format(create_time,'%Y-%m-%d %T') as create_time,date_format(update_time,'%Y-%m-%d %T') as update_time from gateway_mapping where id = 33
[2022-11-16 17:03:07,652] [13052] [INFO] - main.gateway_create (main.py:88) - {'service_name': 'a11', 'host': '192.168.23.5:2222'}
[2022-11-16 17:03:07,691] [13052] [DEBUG] - db_session.insert (db_session.py:45) - select id,service_name,host,date_format(create_time,'%Y-%m-%d %T') as create_time,date_format(update_time,'%Y-%m-%d %T') as update_time from gateway_mapping where id = 34
[2022-11-16 17:03:16,685] [13052] [INFO] - main.gateway_create (main.py:88) - {'service_name': 'a6', 'host': '192.168.23.5:2222'}
[2022-11-16 17:03:16,733] [13052] [DEBUG] - db_session.insert (db_session.py:45) - select id,service_name,host,date_format(create_time,'%Y-%m-%d %T') as create_time,date_format(update_time,'%Y-%m-%d %T') as update_time from gateway_mapping where id = 35
[2022-11-16 17:03:20,883] [13052] [INFO] - main.gateway_create (main.py:88) - {'service_name': 'a6', 'host': '192.168.23.5:2222'}
[2022-11-16 17:03:20,953] [13052] [DEBUG] - db_session.insert (db_session.py:45) - select id,service_name,host,date_format(create_time,'%Y-%m-%d %T') as create_time,date_format(update_time,'%Y-%m-%d %T') as update_time from gateway_mapping where id = 36
[2022-11-16 17:03:26,180] [13052] [INFO] - main.gateway_create (main.py:88) - {'service_name': 'a6', 'host': '192.168.23.5:2222'}
[2022-11-16 17:03:26,240] [13052] [DEBUG] - db_session.insert (db_session.py:45) - select id,service_name,host,date_format(create_time,'%Y-%m-%d %T') as create_time,date_format(update_time,'%Y-%m-%d %T') as update_time from gateway_mapping where id = 37
[2022-11-16 17:03:38,741] [13052] [INFO] - main.gateway_query (main.py:76) - {'offset': 0, 'limit': 10}
[2022-11-16 17:03:38,744] [13052] [INFO] - main.gateway_query (main.py:76) - {'offset': 0, 'limit': 10}
[2022-11-16 17:03:38,749] [13052] [DEBUG] - db_session.select (db_session.py:107) - select id,number,service_name,host,date_format(create_time,'%Y-%m-%d %T') as create_time,date_format(update_time,'%Y-%m-%d %T') as update_time,black_list from gateway_mapping where  1 = 1 and  delete_time is null limit 0,10
[2022-11-16 17:03:38,763] [13052] [DEBUG] - db_session.select (db_session.py:107) - select id,number,service_name,host,date_format(create_time,'%Y-%m-%d %T') as create_time,date_format(update_time,'%Y-%m-%d %T') as update_time,black_list from gateway_mapping where  1 = 1 and  delete_time is null limit 0,10
[2022-11-16 17:16:27,347] [13052] [INFO] - main.gateway_query (main.py:76) - {'offset': 0, 'limit': 10}
[2022-11-16 17:16:27,370] [13052] [INFO] - main.gateway_query (main.py:76) - {'offset': 0, 'limit': 10}
[2022-11-16 17:16:28,051] [13052] [DEBUG] - db_session.select (db_session.py:107) - select id,number,service_name,host,date_format(create_time,'%Y-%m-%d %T') as create_time,date_format(update_time,'%Y-%m-%d %T') as update_time,black_list from gateway_mapping where  1 = 1 and  delete_time is null limit 0,10
[2022-11-16 17:16:28,205] [13052] [DEBUG] - db_session.select (db_session.py:107) - select id,number,service_name,host,date_format(create_time,'%Y-%m-%d %T') as create_time,date_format(update_time,'%Y-%m-%d %T') as update_time,black_list from gateway_mapping where  1 = 1 and  delete_time is null limit 0,10
[2022-11-16 17:16:34,934] [13052] [INFO] - main.gateway_query (main.py:76) - {'offset': 10, 'limit': 10}
[2022-11-16 17:16:34,987] [13052] [DEBUG] - db_session.select (db_session.py:107) - select id,number,service_name,host,date_format(create_time,'%Y-%m-%d %T') as create_time,date_format(update_time,'%Y-%m-%d %T') as update_time,black_list from gateway_mapping where  1 = 1 and  delete_time is null limit 10,10
[2022-11-16 17:16:37,008] [13052] [INFO] - main.gateway_query (main.py:76) - {'offset': 0, 'limit': 10}
[2022-11-16 17:16:37,422] [13052] [DEBUG] - db_session.select (db_session.py:107) - select id,number,service_name,host,date_format(create_time,'%Y-%m-%d %T') as create_time,date_format(update_time,'%Y-%m-%d %T') as update_time,black_list from gateway_mapping where  1 = 1 and  delete_time is null limit 0,10
[2022-11-16 17:16:39,319] [13052] [INFO] - main.gateway_query (main.py:76) - {'offset': 10, 'limit': 10}
[2022-11-16 17:16:39,336] [13052] [DEBUG] - db_session.select (db_session.py:107) - select id,number,service_name,host,date_format(create_time,'%Y-%m-%d %T') as create_time,date_format(update_time,'%Y-%m-%d %T') as update_time,black_list from gateway_mapping where  1 = 1 and  delete_time is null limit 10,10
[2022-11-16 17:16:40,709] [13052] [INFO] - main.gateway_query (main.py:76) - {'offset': 0, 'limit': 10}
[2022-11-16 17:16:40,739] [13052] [DEBUG] - db_session.select (db_session.py:107) - select id,number,service_name,host,date_format(create_time,'%Y-%m-%d %T') as create_time,date_format(update_time,'%Y-%m-%d %T') as update_time,black_list from gateway_mapping where  1 = 1 and  delete_time is null limit 0,10
[2022-11-16 17:16:43,686] [13052] [INFO] - main.gateway_query (main.py:76) - {'offset': 0, 'limit': 20}
[2022-11-16 17:16:43,747] [13052] [DEBUG] - db_session.select (db_session.py:107) - select id,number,service_name,host,date_format(create_time,'%Y-%m-%d %T') as create_time,date_format(update_time,'%Y-%m-%d %T') as update_time,black_list from gateway_mapping where  1 = 1 and  delete_time is null limit 0,20
[2022-11-16 17:17:25,985] [13052] [INFO] - main.gateway_query (main.py:76) - {'offset': 0, 'limit': 10}
[2022-11-16 17:17:26,029] [13052] [DEBUG] - db_session.select (db_session.py:107) - select id,number,service_name,host,date_format(create_time,'%Y-%m-%d %T') as create_time,date_format(update_time,'%Y-%m-%d %T') as update_time,black_list from gateway_mapping where  1 = 1 and  delete_time is null limit 0,10
[2022-11-16 17:17:27,255] [13052] [INFO] - main.gateway_query (main.py:76) - {'offset': 10, 'limit': 10}
[2022-11-16 17:17:27,296] [13052] [DEBUG] - db_session.select (db_session.py:107) - select id,number,service_name,host,date_format(create_time,'%Y-%m-%d %T') as create_time,date_format(update_time,'%Y-%m-%d %T') as update_time,black_list from gateway_mapping where  1 = 1 and  delete_time is null limit 10,10
[2022-11-16 17:17:29,065] [13052] [INFO] - main.gateway_query (main.py:76) - {'offset': 0, 'limit': 10}
[2022-11-16 17:17:29,100] [13052] [DEBUG] - db_session.select (db_session.py:107) - select id,number,service_name,host,date_format(create_time,'%Y-%m-%d %T') as create_time,date_format(update_time,'%Y-%m-%d %T') as update_time,black_list from gateway_mapping where  1 = 1 and  delete_time is null limit 0,10
